<?xml version="1.0" encoding="utf-8" ?>
<!DOCTYPE html PUBLIC "-//W3C//DTD XHTML 1.0 Strict//EN"
        "http://www.w3.org/TR/xhtml1/DTD/xhtml1-strict.dtd">
<html xmlns="http://www.w3.org/1999/xhtml" xml:lang="" lang="">
<head>
  <title>Test Results Report - Regression</title>
  <meta http-equiv="Content-Type" content="text/html;charset=utf-8" />
  <meta name="description" content="TestNG unit test results." />
  <link href="reportng.css" rel="stylesheet" type="text/css" />
    <script type="text/javascript" src="reportng.js"></script>
</head>
<body>
<h1>Regression</h1>
<p>
  Test duration: 1792.214s
</p>



  <table class="resultsTable">
    <tr><th colspan="3" class="header failed">Failed Tests</th></tr>
          <tr>
        <td colspan="3" class="group">Module.ScrutinyApprove</td>
      </tr>
            
<tr>
  <td class="method">
                  ApplicationTest
      </td>
  <td class="duration">
    15.083s
  </td>
  <td class="result">
        
          <i>Method arguments: </i><span class="arguments">"", "CLICK", "CC Letter", "RC Certificate", "CC letter should be display."</span><br />
    
        

        <a href="javascript:toggleElement('exception-0', 'block')" title="Click to expand/collapse"><b>org.openqa.selenium.NoSuchElementException: no such element: Unable to locate element: {&quot;method&quot;:&quot;xpath&quot;,&quot;selector&quot;:&quot;.//*[@id=&apos;btnReport&apos;]&quot;}<br/>
&nbsp; (Session info: chrome=62.0.3202.62)<br/>
&nbsp; (Driver info: chromedriver=2.33.506120 (e3e53437346286c0bc2d2dc9aa4915ba81d9023f),platform=Windows NT 6.1.7601 SP1 x86_64) (WARNING: The server did not provide any stacktrace information)<br/>
Command duration or timeout: 15.08 seconds<br/>
For documentation on this error, please visit: http://seleniumhq.org/exceptions/no_such_element.html<br/>
Build info: version: &apos;unknown&apos;, revision: &apos;5234b32&apos;, time: &apos;2017-03-10 09:00:17 -0800&apos;<br/>
System info: host: &apos;SEPL039&apos;, ip: &apos;192.168.1.194&apos;, os.name: &apos;Windows 7&apos;, os.arch: &apos;x86&apos;, os.version: &apos;6.1&apos;, java.version: &apos;1.8.0_144&apos;<br/>
Driver info: org.openqa.selenium.chrome.ChromeDriver<br/>
Capabilities [{applicationCacheEnabled=false, rotatable=false, mobileEmulationEnabled=false, networkConnectionEnabled=false, chrome={chromedriverVersion=2.33.506120 (e3e53437346286c0bc2d2dc9aa4915ba81d9023f), userDataDir=C:\Users\AKSHAY~1.POK\AppData\Local\Temp\scoped_dir6584_19149}, takesHeapSnapshot=true, pageLoadStrategy=normal, databaseEnabled=false, handlesAlerts=true, hasTouchScreen=false, version=62.0.3202.62, platform=XP, browserConnectionEnabled=false, nativeEvents=true, acceptSslCerts=true, locationContextEnabled=true, webStorageEnabled=true, browserName=chrome, takesScreenshot=true, javascriptEnabled=true, cssSelectorsEnabled=true, setWindowRect=true, unexpectedAlertBehaviour=}]<br/>
Session ID: bce987bf944f5f9e4c014aef18de82be<br/>
*** Element info: {Using=xpath, value=.//*[@id=&apos;btnReport&apos;]}</b></a><br />
    <div class="stackTrace" id="exception-0">
              sun.reflect.NativeConstructorAccessorImpl.newInstance0(Native Method)<br />
              sun.reflect.NativeConstructorAccessorImpl.newInstance(NativeConstructorAccessorImpl.java:62)<br />
              sun.reflect.DelegatingConstructorAccessorImpl.newInstance(DelegatingConstructorAccessorImpl.java:45)<br />
              java.lang.reflect.Constructor.newInstance(Constructor.java:423)<br />
              org.openqa.selenium.remote.ErrorHandler.createThrowable(ErrorHandler.java:216)<br />
              org.openqa.selenium.remote.ErrorHandler.throwIfResponseFailed(ErrorHandler.java:168)<br />
              org.openqa.selenium.remote.RemoteWebDriver.execute(RemoteWebDriver.java:638)<br />
              org.openqa.selenium.remote.RemoteWebDriver.findElement(RemoteWebDriver.java:371)<br />
              org.openqa.selenium.remote.RemoteWebDriver.findElementByXPath(RemoteWebDriver.java:476)<br />
              org.openqa.selenium.By$ByXPath.findElement(By.java:361)<br />
              org.openqa.selenium.remote.RemoteWebDriver.findElement(RemoteWebDriver.java:363)<br />
              Module.ScrutinyApprove.ApplicationTest(ScrutinyApprove.java:827)<br />
              sun.reflect.GeneratedMethodAccessor4.invoke(Unknown Source)<br />
              sun.reflect.DelegatingMethodAccessorImpl.invoke(DelegatingMethodAccessorImpl.java:43)<br />
              java.lang.reflect.Method.invoke(Method.java:498)<br />
              org.testng.internal.MethodInvocationHelper.invokeMethod(MethodInvocationHelper.java:85)<br />
              org.testng.internal.Invoker.invokeMethod(Invoker.java:639)<br />
              org.testng.internal.Invoker.invokeTestMethod(Invoker.java:816)<br />
              org.testng.internal.Invoker.invokeTestMethods(Invoker.java:1124)<br />
              org.testng.internal.TestMethodWorker.invokeTestMethods(TestMethodWorker.java:125)<br />
              org.testng.internal.TestMethodWorker.run(TestMethodWorker.java:108)<br />
              org.testng.TestRunner.privateRun(TestRunner.java:774)<br />
              org.testng.TestRunner.run(TestRunner.java:624)<br />
              org.testng.SuiteRunner.runTest(SuiteRunner.java:359)<br />
              org.testng.SuiteRunner.runSequentially(SuiteRunner.java:354)<br />
              org.testng.SuiteRunner.privateRun(SuiteRunner.java:312)<br />
              org.testng.SuiteRunner.run(SuiteRunner.java:261)<br />
              org.testng.SuiteRunnerWorker.runSuite(SuiteRunnerWorker.java:52)<br />
              org.testng.SuiteRunnerWorker.run(SuiteRunnerWorker.java:86)<br />
              org.testng.TestNG.runSuitesSequentially(TestNG.java:1215)<br />
              org.testng.TestNG.runSuitesLocally(TestNG.java:1140)<br />
              org.testng.TestNG.run(TestNG.java:1048)<br />
              org.testng.IDEARemoteTestNG.run(IDEARemoteTestNG.java:72)<br />
              org.testng.RemoteTestNGStarter.main(RemoteTestNGStarter.java:127)<br />
                </div>
      </td>
</tr>
<tr>
  <td class="method">
                  ApplicationTest
      </td>
  <td class="duration">
    47.391s
  </td>
  <td class="result">
        
          <i>Method arguments: </i><span class="arguments">"", "CLICK", "Submit Sitvisit", "Scrutiny Pass With Printing Fail", "Site visit should be Submit successfully "</span><br />
    
        

        <a href="javascript:toggleElement('exception-1', 'block')" title="Click to expand/collapse"><b>org.openqa.selenium.NoSuchElementException: no such element: Unable to locate element: {&quot;method&quot;:&quot;xpath&quot;,&quot;selector&quot;:&quot;./*//*[@id=&apos;btnSubmit&apos;]&quot;}<br/>
&nbsp; (Session info: chrome=62.0.3202.62)<br/>
&nbsp; (Driver info: chromedriver=2.33.506120 (e3e53437346286c0bc2d2dc9aa4915ba81d9023f),platform=Windows NT 6.1.7601 SP1 x86_64) (WARNING: The server did not provide any stacktrace information)<br/>
Command duration or timeout: 15.07 seconds<br/>
For documentation on this error, please visit: http://seleniumhq.org/exceptions/no_such_element.html<br/>
Build info: version: &apos;unknown&apos;, revision: &apos;5234b32&apos;, time: &apos;2017-03-10 09:00:17 -0800&apos;<br/>
System info: host: &apos;SEPL039&apos;, ip: &apos;192.168.1.194&apos;, os.name: &apos;Windows 7&apos;, os.arch: &apos;x86&apos;, os.version: &apos;6.1&apos;, java.version: &apos;1.8.0_144&apos;<br/>
Driver info: org.openqa.selenium.chrome.ChromeDriver<br/>
Capabilities [{applicationCacheEnabled=false, rotatable=false, mobileEmulationEnabled=false, networkConnectionEnabled=false, chrome={chromedriverVersion=2.33.506120 (e3e53437346286c0bc2d2dc9aa4915ba81d9023f), userDataDir=C:\Users\AKSHAY~1.POK\AppData\Local\Temp\scoped_dir5512_30061}, takesHeapSnapshot=true, pageLoadStrategy=normal, databaseEnabled=false, handlesAlerts=true, hasTouchScreen=false, version=62.0.3202.62, platform=XP, browserConnectionEnabled=false, nativeEvents=true, acceptSslCerts=true, locationContextEnabled=true, webStorageEnabled=true, browserName=chrome, takesScreenshot=true, javascriptEnabled=true, cssSelectorsEnabled=true, setWindowRect=true, unexpectedAlertBehaviour=}]<br/>
Session ID: c64838ed05ccdd71cc8cd1de59b6d8ab<br/>
*** Element info: {Using=xpath, value=./*//*[@id=&apos;btnSubmit&apos;]}</b></a><br />
    <div class="stackTrace" id="exception-1">
              sun.reflect.NativeConstructorAccessorImpl.newInstance0(Native Method)<br />
              sun.reflect.NativeConstructorAccessorImpl.newInstance(NativeConstructorAccessorImpl.java:62)<br />
              sun.reflect.DelegatingConstructorAccessorImpl.newInstance(DelegatingConstructorAccessorImpl.java:45)<br />
              java.lang.reflect.Constructor.newInstance(Constructor.java:423)<br />
              org.openqa.selenium.remote.ErrorHandler.createThrowable(ErrorHandler.java:216)<br />
              org.openqa.selenium.remote.ErrorHandler.throwIfResponseFailed(ErrorHandler.java:168)<br />
              org.openqa.selenium.remote.RemoteWebDriver.execute(RemoteWebDriver.java:638)<br />
              org.openqa.selenium.remote.RemoteWebDriver.findElement(RemoteWebDriver.java:371)<br />
              org.openqa.selenium.remote.RemoteWebDriver.findElementByXPath(RemoteWebDriver.java:476)<br />
              org.openqa.selenium.By$ByXPath.findElement(By.java:361)<br />
              org.openqa.selenium.remote.RemoteWebDriver.findElement(RemoteWebDriver.java:363)<br />
              Module.ScrutinyApprove.ApplicationTest(ScrutinyApprove.java:992)<br />
              sun.reflect.GeneratedMethodAccessor4.invoke(Unknown Source)<br />
              sun.reflect.DelegatingMethodAccessorImpl.invoke(DelegatingMethodAccessorImpl.java:43)<br />
              java.lang.reflect.Method.invoke(Method.java:498)<br />
              org.testng.internal.MethodInvocationHelper.invokeMethod(MethodInvocationHelper.java:85)<br />
              org.testng.internal.Invoker.invokeMethod(Invoker.java:639)<br />
              org.testng.internal.Invoker.invokeTestMethod(Invoker.java:816)<br />
              org.testng.internal.Invoker.invokeTestMethods(Invoker.java:1124)<br />
              org.testng.internal.TestMethodWorker.invokeTestMethods(TestMethodWorker.java:125)<br />
              org.testng.internal.TestMethodWorker.run(TestMethodWorker.java:108)<br />
              org.testng.TestRunner.privateRun(TestRunner.java:774)<br />
              org.testng.TestRunner.run(TestRunner.java:624)<br />
              org.testng.SuiteRunner.runTest(SuiteRunner.java:359)<br />
              org.testng.SuiteRunner.runSequentially(SuiteRunner.java:354)<br />
              org.testng.SuiteRunner.privateRun(SuiteRunner.java:312)<br />
              org.testng.SuiteRunner.run(SuiteRunner.java:261)<br />
              org.testng.SuiteRunnerWorker.runSuite(SuiteRunnerWorker.java:52)<br />
              org.testng.SuiteRunnerWorker.run(SuiteRunnerWorker.java:86)<br />
              org.testng.TestNG.runSuitesSequentially(TestNG.java:1215)<br />
              org.testng.TestNG.runSuitesLocally(TestNG.java:1140)<br />
              org.testng.TestNG.run(TestNG.java:1048)<br />
              org.testng.IDEARemoteTestNG.run(IDEARemoteTestNG.java:72)<br />
              org.testng.RemoteTestNGStarter.main(RemoteTestNGStarter.java:127)<br />
                </div>
      </td>
</tr>
<tr>
  <td class="method">
                  ApplicationTest
      </td>
  <td class="duration">
    36.755s
  </td>
  <td class="result">
        
          <i>Method arguments: </i><span class="arguments">"", "CLICK", "Save sitevist", "  ", "site visit should be save successfully "</span><br />
    
        

        <a href="javascript:toggleElement('exception-2', 'block')" title="Click to expand/collapse"><b>org.openqa.selenium.ElementNotVisibleException: element not visible<br/>
&nbsp; (Session info: chrome=62.0.3202.62)<br/>
&nbsp; (Driver info: chromedriver=2.33.506120 (e3e53437346286c0bc2d2dc9aa4915ba81d9023f),platform=Windows NT 6.1.7601 SP1 x86_64) (WARNING: The server did not provide any stacktrace information)<br/>
Command duration or timeout: 41 milliseconds<br/>
Build info: version: &apos;unknown&apos;, revision: &apos;5234b32&apos;, time: &apos;2017-03-10 09:00:17 -0800&apos;<br/>
System info: host: &apos;SEPL039&apos;, ip: &apos;192.168.1.194&apos;, os.name: &apos;Windows 7&apos;, os.arch: &apos;x86&apos;, os.version: &apos;6.1&apos;, java.version: &apos;1.8.0_144&apos;<br/>
Driver info: org.openqa.selenium.chrome.ChromeDriver<br/>
Capabilities [{applicationCacheEnabled=false, rotatable=false, mobileEmulationEnabled=false, networkConnectionEnabled=false, chrome={chromedriverVersion=2.33.506120 (e3e53437346286c0bc2d2dc9aa4915ba81d9023f), userDataDir=C:\Users\AKSHAY~1.POK\AppData\Local\Temp\scoped_dir5128_6729}, takesHeapSnapshot=true, pageLoadStrategy=normal, databaseEnabled=false, handlesAlerts=true, hasTouchScreen=false, version=62.0.3202.62, platform=XP, browserConnectionEnabled=false, nativeEvents=true, acceptSslCerts=true, locationContextEnabled=true, webStorageEnabled=true, browserName=chrome, takesScreenshot=true, javascriptEnabled=true, cssSelectorsEnabled=true, setWindowRect=true, unexpectedAlertBehaviour=}]<br/>
Session ID: d87a3645a9021eb27d648ebd32dbf2e8</b></a><br />
    <div class="stackTrace" id="exception-2">
              sun.reflect.NativeConstructorAccessorImpl.newInstance0(Native Method)<br />
              sun.reflect.NativeConstructorAccessorImpl.newInstance(NativeConstructorAccessorImpl.java:62)<br />
              sun.reflect.DelegatingConstructorAccessorImpl.newInstance(DelegatingConstructorAccessorImpl.java:45)<br />
              java.lang.reflect.Constructor.newInstance(Constructor.java:423)<br />
              org.openqa.selenium.remote.ErrorHandler.createThrowable(ErrorHandler.java:216)<br />
              org.openqa.selenium.remote.ErrorHandler.throwIfResponseFailed(ErrorHandler.java:168)<br />
              org.openqa.selenium.remote.RemoteWebDriver.execute(RemoteWebDriver.java:638)<br />
              org.openqa.selenium.remote.RemoteWebElement.execute(RemoteWebElement.java:274)<br />
              org.openqa.selenium.remote.RemoteWebElement.click(RemoteWebElement.java:84)<br />
              Module.ScrutinyApprove.ApplicationTest(ScrutinyApprove.java:950)<br />
              sun.reflect.GeneratedMethodAccessor4.invoke(Unknown Source)<br />
              sun.reflect.DelegatingMethodAccessorImpl.invoke(DelegatingMethodAccessorImpl.java:43)<br />
              java.lang.reflect.Method.invoke(Method.java:498)<br />
              org.testng.internal.MethodInvocationHelper.invokeMethod(MethodInvocationHelper.java:85)<br />
              org.testng.internal.Invoker.invokeMethod(Invoker.java:639)<br />
              org.testng.internal.Invoker.invokeTestMethod(Invoker.java:816)<br />
              org.testng.internal.Invoker.invokeTestMethods(Invoker.java:1124)<br />
              org.testng.internal.TestMethodWorker.invokeTestMethods(TestMethodWorker.java:125)<br />
              org.testng.internal.TestMethodWorker.run(TestMethodWorker.java:108)<br />
              org.testng.TestRunner.privateRun(TestRunner.java:774)<br />
              org.testng.TestRunner.run(TestRunner.java:624)<br />
              org.testng.SuiteRunner.runTest(SuiteRunner.java:359)<br />
              org.testng.SuiteRunner.runSequentially(SuiteRunner.java:354)<br />
              org.testng.SuiteRunner.privateRun(SuiteRunner.java:312)<br />
              org.testng.SuiteRunner.run(SuiteRunner.java:261)<br />
              org.testng.SuiteRunnerWorker.runSuite(SuiteRunnerWorker.java:52)<br />
              org.testng.SuiteRunnerWorker.run(SuiteRunnerWorker.java:86)<br />
              org.testng.TestNG.runSuitesSequentially(TestNG.java:1215)<br />
              org.testng.TestNG.runSuitesLocally(TestNG.java:1140)<br />
              org.testng.TestNG.run(TestNG.java:1048)<br />
              org.testng.IDEARemoteTestNG.run(IDEARemoteTestNG.java:72)<br />
              org.testng.RemoteTestNGStarter.main(RemoteTestNGStarter.java:127)<br />
                </div>
      </td>
</tr>
<tr>
  <td class="method">
                  ApplicationTest
      </td>
  <td class="duration">
    3.509s
  </td>
  <td class="result">
        
          <i>Method arguments: </i><span class="arguments">"", "CLICK", "Plan sitevist", "", "Plan visit successfully."</span><br />
    
        

        <a href="javascript:toggleElement('exception-3', 'block')" title="Click to expand/collapse"><b>org.openqa.selenium.UnhandledAlertException: unexpected alert open: {Alert text : File No. :0036}<br/>
&nbsp; (Session info: chrome=62.0.3202.62)<br/>
&nbsp; (Driver info: chromedriver=2.33.506120 (e3e53437346286c0bc2d2dc9aa4915ba81d9023f),platform=Windows NT 6.1.7601 SP1 x86_64) (WARNING: The server did not provide any stacktrace information)<br/>
Command duration or timeout: 5 milliseconds: null<br/>
Build info: version: &apos;unknown&apos;, revision: &apos;5234b32&apos;, time: &apos;2017-03-10 09:00:17 -0800&apos;<br/>
System info: host: &apos;SEPL039&apos;, ip: &apos;192.168.1.194&apos;, os.name: &apos;Windows 7&apos;, os.arch: &apos;x86&apos;, os.version: &apos;6.1&apos;, java.version: &apos;1.8.0_144&apos;<br/>
Driver info: org.openqa.selenium.chrome.ChromeDriver<br/>
Capabilities [{applicationCacheEnabled=false, rotatable=false, mobileEmulationEnabled=false, networkConnectionEnabled=false, chrome={chromedriverVersion=2.33.506120 (e3e53437346286c0bc2d2dc9aa4915ba81d9023f), userDataDir=C:\Users\AKSHAY~1.POK\AppData\Local\Temp\scoped_dir1128_1472}, takesHeapSnapshot=true, pageLoadStrategy=normal, databaseEnabled=false, handlesAlerts=true, hasTouchScreen=false, version=62.0.3202.62, platform=XP, browserConnectionEnabled=false, nativeEvents=true, acceptSslCerts=true, locationContextEnabled=true, webStorageEnabled=true, browserName=chrome, takesScreenshot=true, javascriptEnabled=true, cssSelectorsEnabled=true, setWindowRect=true, unexpectedAlertBehaviour=}]<br/>
Session ID: e54e7f74a391a0a1aae5bc11d4cb1dd9<br/>
*** Element info: {Using=xpath, value=.//*[@id=&apos;btnPlanVisit&apos;]}</b></a><br />
    <div class="stackTrace" id="exception-3">
              sun.reflect.NativeConstructorAccessorImpl.newInstance0(Native Method)<br />
              sun.reflect.NativeConstructorAccessorImpl.newInstance(NativeConstructorAccessorImpl.java:62)<br />
              sun.reflect.DelegatingConstructorAccessorImpl.newInstance(DelegatingConstructorAccessorImpl.java:45)<br />
              java.lang.reflect.Constructor.newInstance(Constructor.java:423)<br />
              org.openqa.selenium.remote.ErrorHandler.createThrowable(ErrorHandler.java:216)<br />
              org.openqa.selenium.remote.ErrorHandler.throwIfResponseFailed(ErrorHandler.java:174)<br />
              org.openqa.selenium.remote.RemoteWebDriver.execute(RemoteWebDriver.java:638)<br />
              org.openqa.selenium.remote.RemoteWebDriver.findElement(RemoteWebDriver.java:371)<br />
              org.openqa.selenium.remote.RemoteWebDriver.findElementByXPath(RemoteWebDriver.java:476)<br />
              org.openqa.selenium.By$ByXPath.findElement(By.java:361)<br />
              org.openqa.selenium.remote.RemoteWebDriver.findElement(RemoteWebDriver.java:363)<br />
              Module.ScrutinyApprove.ApplicationTest(ScrutinyApprove.java:804)<br />
              sun.reflect.NativeMethodAccessorImpl.invoke0(Native Method)<br />
              sun.reflect.NativeMethodAccessorImpl.invoke(NativeMethodAccessorImpl.java:62)<br />
              sun.reflect.DelegatingMethodAccessorImpl.invoke(DelegatingMethodAccessorImpl.java:43)<br />
              java.lang.reflect.Method.invoke(Method.java:498)<br />
              org.testng.internal.MethodInvocationHelper.invokeMethod(MethodInvocationHelper.java:85)<br />
              org.testng.internal.Invoker.invokeMethod(Invoker.java:639)<br />
              org.testng.internal.Invoker.invokeTestMethod(Invoker.java:816)<br />
              org.testng.internal.Invoker.invokeTestMethods(Invoker.java:1124)<br />
              org.testng.internal.TestMethodWorker.invokeTestMethods(TestMethodWorker.java:125)<br />
              org.testng.internal.TestMethodWorker.run(TestMethodWorker.java:108)<br />
              org.testng.TestRunner.privateRun(TestRunner.java:774)<br />
              org.testng.TestRunner.run(TestRunner.java:624)<br />
              org.testng.SuiteRunner.runTest(SuiteRunner.java:359)<br />
              org.testng.SuiteRunner.runSequentially(SuiteRunner.java:354)<br />
              org.testng.SuiteRunner.privateRun(SuiteRunner.java:312)<br />
              org.testng.SuiteRunner.run(SuiteRunner.java:261)<br />
              org.testng.SuiteRunnerWorker.runSuite(SuiteRunnerWorker.java:52)<br />
              org.testng.SuiteRunnerWorker.run(SuiteRunnerWorker.java:86)<br />
              org.testng.TestNG.runSuitesSequentially(TestNG.java:1215)<br />
              org.testng.TestNG.runSuitesLocally(TestNG.java:1140)<br />
              org.testng.TestNG.run(TestNG.java:1048)<br />
              org.testng.IDEARemoteTestNG.run(IDEARemoteTestNG.java:72)<br />
              org.testng.RemoteTestNGStarter.main(RemoteTestNGStarter.java:127)<br />
                </div>
      </td>
</tr>
<tr>
  <td class="method">
                  ApplicationTest
      </td>
  <td class="duration">
    16.067s
  </td>
  <td class="result">
        
          <i>Method arguments: </i><span class="arguments">"", "CLICK", "Create Fess", "", "Fees should be create successfully."</span><br />
    
        

        <a href="javascript:toggleElement('exception-4', 'block')" title="Click to expand/collapse"><b>org.openqa.selenium.NoSuchElementException: no such element: Unable to locate element: {&quot;method&quot;:&quot;xpath&quot;,&quot;selector&quot;:&quot;.//*[@id=&apos;aFeeCreate&apos;]&quot;}<br/>
&nbsp; (Session info: chrome=62.0.3202.62)<br/>
&nbsp; (Driver info: chromedriver=2.33.506120 (e3e53437346286c0bc2d2dc9aa4915ba81d9023f),platform=Windows NT 6.1.7601 SP1 x86_64) (WARNING: The server did not provide any stacktrace information)<br/>
Command duration or timeout: 15.06 seconds<br/>
For documentation on this error, please visit: http://seleniumhq.org/exceptions/no_such_element.html<br/>
Build info: version: &apos;unknown&apos;, revision: &apos;5234b32&apos;, time: &apos;2017-03-10 09:00:17 -0800&apos;<br/>
System info: host: &apos;SEPL039&apos;, ip: &apos;192.168.1.194&apos;, os.name: &apos;Windows 7&apos;, os.arch: &apos;x86&apos;, os.version: &apos;6.1&apos;, java.version: &apos;1.8.0_144&apos;<br/>
Driver info: org.openqa.selenium.chrome.ChromeDriver<br/>
Capabilities [{applicationCacheEnabled=false, rotatable=false, mobileEmulationEnabled=false, networkConnectionEnabled=false, chrome={chromedriverVersion=2.33.506120 (e3e53437346286c0bc2d2dc9aa4915ba81d9023f), userDataDir=C:\Users\AKSHAY~1.POK\AppData\Local\Temp\scoped_dir6468_24627}, takesHeapSnapshot=true, pageLoadStrategy=normal, databaseEnabled=false, handlesAlerts=true, hasTouchScreen=false, version=62.0.3202.62, platform=XP, browserConnectionEnabled=false, nativeEvents=true, acceptSslCerts=true, locationContextEnabled=true, webStorageEnabled=true, browserName=chrome, takesScreenshot=true, javascriptEnabled=true, cssSelectorsEnabled=true, setWindowRect=true, unexpectedAlertBehaviour=}]<br/>
Session ID: 685943913076cae00084dbae24fd8796<br/>
*** Element info: {Using=xpath, value=.//*[@id=&apos;aFeeCreate&apos;]}</b></a><br />
    <div class="stackTrace" id="exception-4">
              sun.reflect.NativeConstructorAccessorImpl.newInstance0(Native Method)<br />
              sun.reflect.NativeConstructorAccessorImpl.newInstance(NativeConstructorAccessorImpl.java:62)<br />
              sun.reflect.DelegatingConstructorAccessorImpl.newInstance(DelegatingConstructorAccessorImpl.java:45)<br />
              java.lang.reflect.Constructor.newInstance(Constructor.java:423)<br />
              org.openqa.selenium.remote.ErrorHandler.createThrowable(ErrorHandler.java:216)<br />
              org.openqa.selenium.remote.ErrorHandler.throwIfResponseFailed(ErrorHandler.java:168)<br />
              org.openqa.selenium.remote.RemoteWebDriver.execute(RemoteWebDriver.java:638)<br />
              org.openqa.selenium.remote.RemoteWebDriver.findElement(RemoteWebDriver.java:371)<br />
              org.openqa.selenium.remote.RemoteWebDriver.findElementByXPath(RemoteWebDriver.java:476)<br />
              org.openqa.selenium.By$ByXPath.findElement(By.java:361)<br />
              org.openqa.selenium.remote.RemoteWebDriver.findElement(RemoteWebDriver.java:363)<br />
              Module.ScrutinyApprove.ApplicationTest(ScrutinyApprove.java:780)<br />
              sun.reflect.GeneratedMethodAccessor4.invoke(Unknown Source)<br />
              sun.reflect.DelegatingMethodAccessorImpl.invoke(DelegatingMethodAccessorImpl.java:43)<br />
              java.lang.reflect.Method.invoke(Method.java:498)<br />
              org.testng.internal.MethodInvocationHelper.invokeMethod(MethodInvocationHelper.java:85)<br />
              org.testng.internal.Invoker.invokeMethod(Invoker.java:639)<br />
              org.testng.internal.Invoker.invokeTestMethod(Invoker.java:816)<br />
              org.testng.internal.Invoker.invokeTestMethods(Invoker.java:1124)<br />
              org.testng.internal.TestMethodWorker.invokeTestMethods(TestMethodWorker.java:125)<br />
              org.testng.internal.TestMethodWorker.run(TestMethodWorker.java:108)<br />
              org.testng.TestRunner.privateRun(TestRunner.java:774)<br />
              org.testng.TestRunner.run(TestRunner.java:624)<br />
              org.testng.SuiteRunner.runTest(SuiteRunner.java:359)<br />
              org.testng.SuiteRunner.runSequentially(SuiteRunner.java:354)<br />
              org.testng.SuiteRunner.privateRun(SuiteRunner.java:312)<br />
              org.testng.SuiteRunner.run(SuiteRunner.java:261)<br />
              org.testng.SuiteRunnerWorker.runSuite(SuiteRunnerWorker.java:52)<br />
              org.testng.SuiteRunnerWorker.run(SuiteRunnerWorker.java:86)<br />
              org.testng.TestNG.runSuitesSequentially(TestNG.java:1215)<br />
              org.testng.TestNG.runSuitesLocally(TestNG.java:1140)<br />
              org.testng.TestNG.run(TestNG.java:1048)<br />
              org.testng.IDEARemoteTestNG.run(IDEARemoteTestNG.java:72)<br />
              org.testng.RemoteTestNGStarter.main(RemoteTestNGStarter.java:127)<br />
                </div>
      </td>
</tr>
<tr>
  <td class="method">
                  ApplicationTest
      </td>
  <td class="duration">
    710.016s
  </td>
  <td class="result">
        
          <i>Method arguments: </i><span class="arguments">"", "CLICK", "Scrutiny Process", "Scrutiny Pass With Printing Fail", "Scrutiny Process should be perfrom successfully."</span><br />
    
        

        <a href="javascript:toggleElement('exception-5', 'block')" title="Click to expand/collapse"><b>org.openqa.selenium.NoAlertPresentException: no alert open<br/>
&nbsp; (Session info: chrome=62.0.3202.62)<br/>
&nbsp; (Driver info: chromedriver=2.33.506120 (e3e53437346286c0bc2d2dc9aa4915ba81d9023f),platform=Windows NT 6.1.7601 SP1 x86_64) (WARNING: The server did not provide any stacktrace information)<br/>
Command duration or timeout: 6 milliseconds<br/>
Build info: version: &apos;unknown&apos;, revision: &apos;5234b32&apos;, time: &apos;2017-03-10 09:00:17 -0800&apos;<br/>
System info: host: &apos;SEPL039&apos;, ip: &apos;192.168.1.194&apos;, os.name: &apos;Windows 7&apos;, os.arch: &apos;x86&apos;, os.version: &apos;6.1&apos;, java.version: &apos;1.8.0_144&apos;<br/>
Driver info: org.openqa.selenium.chrome.ChromeDriver<br/>
Capabilities [{applicationCacheEnabled=false, rotatable=false, mobileEmulationEnabled=false, networkConnectionEnabled=false, chrome={chromedriverVersion=2.33.506120 (e3e53437346286c0bc2d2dc9aa4915ba81d9023f), userDataDir=C:\Users\AKSHAY~1.POK\AppData\Local\Temp\scoped_dir5512_30061}, takesHeapSnapshot=true, pageLoadStrategy=normal, databaseEnabled=false, handlesAlerts=true, hasTouchScreen=false, version=62.0.3202.62, platform=XP, browserConnectionEnabled=false, nativeEvents=true, acceptSslCerts=true, locationContextEnabled=true, webStorageEnabled=true, browserName=chrome, takesScreenshot=true, javascriptEnabled=true, cssSelectorsEnabled=true, setWindowRect=true, unexpectedAlertBehaviour=}]<br/>
Session ID: c64838ed05ccdd71cc8cd1de59b6d8ab</b></a><br />
    <div class="stackTrace" id="exception-5">
              sun.reflect.NativeConstructorAccessorImpl.newInstance0(Native Method)<br />
              sun.reflect.NativeConstructorAccessorImpl.newInstance(NativeConstructorAccessorImpl.java:62)<br />
              sun.reflect.DelegatingConstructorAccessorImpl.newInstance(DelegatingConstructorAccessorImpl.java:45)<br />
              java.lang.reflect.Constructor.newInstance(Constructor.java:423)<br />
              org.openqa.selenium.remote.ErrorHandler.createThrowable(ErrorHandler.java:216)<br />
              org.openqa.selenium.remote.ErrorHandler.throwIfResponseFailed(ErrorHandler.java:168)<br />
              org.openqa.selenium.remote.RemoteWebDriver.execute(RemoteWebDriver.java:638)<br />
              org.openqa.selenium.remote.RemoteWebDriver.execute(RemoteWebDriver.java:661)<br />
              org.openqa.selenium.remote.RemoteWebDriver$RemoteTargetLocator.alert(RemoteWebDriver.java:990)<br />
              Module.ScrutinyApprove.ApplicationTest(ScrutinyApprove.java:931)<br />
              sun.reflect.GeneratedMethodAccessor4.invoke(Unknown Source)<br />
              sun.reflect.DelegatingMethodAccessorImpl.invoke(DelegatingMethodAccessorImpl.java:43)<br />
              java.lang.reflect.Method.invoke(Method.java:498)<br />
              org.testng.internal.MethodInvocationHelper.invokeMethod(MethodInvocationHelper.java:85)<br />
              org.testng.internal.Invoker.invokeMethod(Invoker.java:639)<br />
              org.testng.internal.Invoker.invokeTestMethod(Invoker.java:816)<br />
              org.testng.internal.Invoker.invokeTestMethods(Invoker.java:1124)<br />
              org.testng.internal.TestMethodWorker.invokeTestMethods(TestMethodWorker.java:125)<br />
              org.testng.internal.TestMethodWorker.run(TestMethodWorker.java:108)<br />
              org.testng.TestRunner.privateRun(TestRunner.java:774)<br />
              org.testng.TestRunner.run(TestRunner.java:624)<br />
              org.testng.SuiteRunner.runTest(SuiteRunner.java:359)<br />
              org.testng.SuiteRunner.runSequentially(SuiteRunner.java:354)<br />
              org.testng.SuiteRunner.privateRun(SuiteRunner.java:312)<br />
              org.testng.SuiteRunner.run(SuiteRunner.java:261)<br />
              org.testng.SuiteRunnerWorker.runSuite(SuiteRunnerWorker.java:52)<br />
              org.testng.SuiteRunnerWorker.run(SuiteRunnerWorker.java:86)<br />
              org.testng.TestNG.runSuitesSequentially(TestNG.java:1215)<br />
              org.testng.TestNG.runSuitesLocally(TestNG.java:1140)<br />
              org.testng.TestNG.run(TestNG.java:1048)<br />
              org.testng.IDEARemoteTestNG.run(IDEARemoteTestNG.java:72)<br />
              org.testng.RemoteTestNGStarter.main(RemoteTestNGStarter.java:127)<br />
                </div>
      </td>
</tr>
      </table>


  <table class="resultsTable">
    <tr><th colspan="3" class="header passed">Passed Tests</th></tr>
          <tr>
        <td colspan="3" class="group">Module.ScrutinyApprove</td>
      </tr>
            
<tr>
  <td class="method">
                  ApplicationTest
      </td>
  <td class="duration">
    1.987s
  </td>
  <td class="result">
        
          <i>Method arguments: </i><span class="arguments">"", "FRAME", "Documentframe", "  ", "Document frame should be found ."</span><br />
    
        

      </td>
</tr>
<tr>
  <td class="method">
                  ApplicationTest
      </td>
  <td class="duration">
    11.923s
  </td>
  <td class="result">
        
          <i>Method arguments: </i><span class="arguments">"", "CLICK", "File Name", "0104", "Proposal Use should be available in dropdown."</span><br />
    
        

      </td>
</tr>
<tr>
  <td class="method">
                  ApplicationTest
      </td>
  <td class="duration">
    12.939s
  </td>
  <td class="result">
        
          <i>Method arguments: </i><span class="arguments">"TC 4
(File Approval)", "", "", "", ""</span><br />
    
        

      </td>
</tr>
<tr>
  <td class="method">
                  ApplicationTest
      </td>
  <td class="duration">
    30.795s
  </td>
  <td class="result">
        
          <i>Method arguments: </i><span class="arguments">"", "LOGIN", "Scrutiny", "", "Architect should be able to login."</span><br />
    
        

      </td>
</tr>
<tr>
  <td class="method">
                  ApplicationTest
      </td>
  <td class="duration">
    27.372s
  </td>
  <td class="result">
        
          <i>Method arguments: </i><span class="arguments">"", "CLICK", "Save Scrutiny details", "Scrutiny Pass With Printing Fail", "Scrutiny details should be save successfully."</span><br />
    
        

      </td>
</tr>
<tr>
  <td class="method">
                  ApplicationTest
      </td>
  <td class="duration">
    0.626s
  </td>
  <td class="result">
        
          <i>Method arguments: </i><span class="arguments">"", "LEFT_MENU", "LeftMenu_SubTab", "Received", "This tab should be found in the menu bar "</span><br />
    
        

      </td>
</tr>
<tr>
  <td class="method">
                  ApplicationTest
      </td>
  <td class="duration">
    0.845s
  </td>
  <td class="result">
        
          <i>Method arguments: </i><span class="arguments">"", "SETTEXT", "Enter Keyword for search", "0036", "Seach tab should be found ."</span><br />
    
        

      </td>
</tr>
<tr>
  <td class="method">
                  ApplicationTest
      </td>
  <td class="duration">
    3.901s
  </td>
  <td class="result">
        
          <i>Method arguments: </i><span class="arguments">"", "FRAME", "Drawingframe", "  ", "Drawing frame should be found ."</span><br />
    
        

      </td>
</tr>
<tr>
  <td class="method">
                  ApplicationTest
      </td>
  <td class="duration">
    1.017s
  </td>
  <td class="result">
        
          <i>Method arguments: </i><span class="arguments">"", "LEFT_MENU", "LeftMenu_SubTab", "Received", "This tab should be found in the menu bar "</span><br />
    
        

      </td>
</tr>
<tr>
  <td class="method">
                  ApplicationTest
      </td>
  <td class="duration">
    30.338s
  </td>
  <td class="result">
        
          <i>Method arguments: </i><span class="arguments">"", "LOGIN", "Scrutiny", "", "Architect should be able to login."</span><br />
    
        

      </td>
</tr>
<tr>
  <td class="method">
                  ApplicationTest
      </td>
  <td class="duration">
    62.195s
  </td>
  <td class="result">
        
          <i>Method arguments: </i><span class="arguments">"", "CLICK", "Approval", "", "Proposal should be approval suceesfully."</span><br />
    
        

      </td>
</tr>
<tr>
  <td class="method">
                  ApplicationTest
      </td>
  <td class="duration">
    38.879s
  </td>
  <td class="result">
        
          <i>Method arguments: </i><span class="arguments">"", "LOGIN", "Scrutiny", "", "Architect should be able to login."</span><br />
    
        

      </td>
</tr>
<tr>
  <td class="method">
                  ApplicationTest
      </td>
  <td class="duration">
    0.176s
  </td>
  <td class="result">
        
          <i>Method arguments: </i><span class="arguments">"", "LEFT_MENU", "LeftMenuTab", "Commencement Certificate", "This tab should be found in the menu bar "</span><br />
    
        

      </td>
</tr>
<tr>
  <td class="method">
                  ApplicationTest
      </td>
  <td class="duration">
    0.000s
  </td>
  <td class="result">
        
          <i>Method arguments: </i><span class="arguments">null, null, null, null, null</span><br />
    
        

      </td>
</tr>
<tr>
  <td class="method">
                  ApplicationTest
      </td>
  <td class="duration">
    10.071s
  </td>
  <td class="result">
        
          <i>Method arguments: </i><span class="arguments">"TC 1
(Document Verification and plan site visit )", "", "", "", ""</span><br />
    
        

      </td>
</tr>
<tr>
  <td class="method">
                  ApplicationTest
      </td>
  <td class="duration">
    18.195s
  </td>
  <td class="result">
        
          <i>Method arguments: </i><span class="arguments">"", "CLICK", "File Name", "0036", "Proposal Use should be available in dropdown."</span><br />
    
        

      </td>
</tr>
<tr>
  <td class="method">
                  ApplicationTest
      </td>
  <td class="duration">
    0.115s
  </td>
  <td class="result">
        
          <i>Method arguments: </i><span class="arguments">"", "LEFT_MENU", "LeftMenuTab", "Commencement Certificate", "This tab should be found in the menu bar "</span><br />
    
        

      </td>
</tr>
<tr>
  <td class="method">
                  ApplicationTest
      </td>
  <td class="duration">
    19.241s
  </td>
  <td class="result">
        
          <i>Method arguments: </i><span class="arguments">"TC 2
(Save sitevisit details)", "", "", "", ""</span><br />
    
        

      </td>
</tr>
<tr>
  <td class="method">
                  ApplicationTest
      </td>
  <td class="duration">
    0.657s
  </td>
  <td class="result">
        
          <i>Method arguments: </i><span class="arguments">"", "SETTEXT", "Enter Keyword for search", "0036", "Seach tab should be found ."</span><br />
    
        

      </td>
</tr>
<tr>
  <td class="method">
                  ApplicationTest
      </td>
  <td class="duration">
    6.778s
  </td>
  <td class="result">
        
          <i>Method arguments: </i><span class="arguments">"", "CLICK", "File Name", "0036", "Proposal Use should be available in dropdown."</span><br />
    
        

      </td>
</tr>
<tr>
  <td class="method">
                  ApplicationTest
      </td>
  <td class="duration">
    0.660s
  </td>
  <td class="result">
        
          <i>Method arguments: </i><span class="arguments">"", "SETTEXT", "Enter Keyword for search", "0104", "Seach tab should be found ."</span><br />
    
        

      </td>
</tr>
<tr>
  <td class="method">
                  ApplicationTest
      </td>
  <td class="duration">
    5.260s
  </td>
  <td class="result">
        
          <i>Method arguments: </i><span class="arguments">"", "FRAME", "Main Frame", "passed by script ", "Main frame should be found ."</span><br />
    
        

      </td>
</tr>
<tr>
  <td class="method">
                  ApplicationTest
      </td>
  <td class="duration">
    0.766s
  </td>
  <td class="result">
        
          <i>Method arguments: </i><span class="arguments">"", "SETTEXT", "Enter Keyword for search", "0036", "Seach tab should be found ."</span><br />
    
        

      </td>
</tr>
<tr>
  <td class="method">
                  ApplicationTest
      </td>
  <td class="duration">
    12.557s
  </td>
  <td class="result">
        
          <i>Method arguments: </i><span class="arguments">"TC 5
(issued CC letter)", "", "", "", ""</span><br />
    
        

      </td>
</tr>
<tr>
  <td class="method">
                  ApplicationTest
      </td>
  <td class="duration">
    0.011s
  </td>
  <td class="result">
        
          <i>Method arguments: </i><span class="arguments">"", "FRAME", "Sitevisitframe", "  ", "Sitevisit frame should be found ."</span><br />
    
        

      </td>
</tr>
<tr>
  <td class="method">
                  ApplicationTest
      </td>
  <td class="duration">
    5.301s
  </td>
  <td class="result">
        
          <i>Method arguments: </i><span class="arguments">"", "FRAME", "Main Frame", "passed by script ", "Main frame should be found ."</span><br />
    
        

      </td>
</tr>
<tr>
  <td class="method">
                  ApplicationTest
      </td>
  <td class="duration">
    1.545s
  </td>
  <td class="result">
        
          <i>Method arguments: </i><span class="arguments">"", "LEFT_MENU", "LeftMenu_SubTab", "Received", "This tab should be found in the menu bar "</span><br />
    
        

      </td>
</tr>
<tr>
  <td class="method">
                  ApplicationTest
      </td>
  <td class="duration">
    0.108s
  </td>
  <td class="result">
        
          <i>Method arguments: </i><span class="arguments">"", "LEFT_MENU", "LeftMenuTab", "Commencement Certificate", "This tab should be found in the menu bar "</span><br />
    
        

      </td>
</tr>
<tr>
  <td class="method">
                  ApplicationTest
      </td>
  <td class="duration">
    5.172s
  </td>
  <td class="result">
        
          <i>Method arguments: </i><span class="arguments">"", "FRAME", "Main Frame", "passed by script ", "Main frame should be found ."</span><br />
    
        

      </td>
</tr>
<tr>
  <td class="method">
                  ApplicationTest
      </td>
  <td class="duration">
    0.016s
  </td>
  <td class="result">
        
          <i>Method arguments: </i><span class="arguments">"", "CLICK", "Document Recomendation Submission", "Approved", "Document Recomendation save successfully."</span><br />
    
        

      </td>
</tr>
<tr>
  <td class="method">
                  ApplicationTest
      </td>
  <td class="duration">
    0.077s
  </td>
  <td class="result">
        
          <i>Method arguments: </i><span class="arguments">"", "LEFT_MENU", "LeftMenuTab", "Commencement Certificate", "This tab should be found in the menu bar "</span><br />
    
        

      </td>
</tr>
<tr>
  <td class="method">
                  ApplicationTest
      </td>
  <td class="duration">
    5.266s
  </td>
  <td class="result">
        
          <i>Method arguments: </i><span class="arguments">"", "FRAME", "Main Frame", "passed by script ", "Main frame should be found ."</span><br />
    
        

      </td>
</tr>
<tr>
  <td class="method">
                  ApplicationTest
      </td>
  <td class="duration">
    5.230s
  </td>
  <td class="result">
        
          <i>Method arguments: </i><span class="arguments">"", "FRAME", "Main Frame", "passed by script ", "Main frame should be found ."</span><br />
    
        

      </td>
</tr>
<tr>
  <td class="method">
                  ApplicationTest
      </td>
  <td class="duration">
    0.132s
  </td>
  <td class="result">
        
          <i>Method arguments: </i><span class="arguments">"", "LEFT_MENU", "LeftMenuTab", "Commencement Certificate", "This tab should be found in the menu bar "</span><br />
    
        

      </td>
</tr>
<tr>
  <td class="method">
                  ApplicationTest
      </td>
  <td class="duration">
    0.027s
  </td>
  <td class="result">
        
          <i>Method arguments: </i><span class="arguments">"", "CLICK", "Document Submission", "", "Document status save successfully."</span><br />
    
        

      </td>
</tr>
<tr>
  <td class="method">
                  ApplicationTest
      </td>
  <td class="duration">
    3.161s
  </td>
  <td class="result">
        
          <i>Method arguments: </i><span class="arguments">"", "BROWSER CLOSED", "Closed", "  ", "Browser Closed."</span><br />
    
        

      </td>
</tr>
<tr>
  <td class="method">
                  ApplicationTest
      </td>
  <td class="duration">
    3.443s
  </td>
  <td class="result">
        
          <i>Method arguments: </i><span class="arguments">"", "CLICK", "Genrate File No", "Generate File No.", "Perment file no should be genrate
successfully. "</span><br />
    
        

      </td>
</tr>
<tr>
  <td class="method">
                  ApplicationTest
      </td>
  <td class="duration">
    40.459s
  </td>
  <td class="result">
        
          <i>Method arguments: </i><span class="arguments">"", "LOGIN", "Scrutiny", "", "Architect should be able to login."</span><br />
    
        

      </td>
</tr>
<tr>
  <td class="method">
                  ApplicationTest
      </td>
  <td class="duration">
    18.049s
  </td>
  <td class="result">
        
          <i>Method arguments: </i><span class="arguments">"", "FRAME", "Drawingframe", "", "Drawing frame should be found ."</span><br />
    
        

      </td>
</tr>
<tr>
  <td class="method">
                  ApplicationTest
      </td>
  <td class="duration">
    15.206s
  </td>
  <td class="result">
        
          <i>Method arguments: </i><span class="arguments">"", "CLICK", "File Name", "0036", "Proposal Use should be available in dropdown."</span><br />
    
        

      </td>
</tr>
<tr>
  <td class="method">
                  ApplicationTest
      </td>
  <td class="duration">
    47.872s
  </td>
  <td class="result">
        
          <i>Method arguments: </i><span class="arguments">"", "FRAME", "Feesframe", "", "Fees frame should be found ."</span><br />
    
        

      </td>
</tr>
<tr>
  <td class="method">
                  ApplicationTest
      </td>
  <td class="duration">
    21.590s
  </td>
  <td class="result">
        
          <i>Method arguments: </i><span class="arguments">"TC 3
(Submit site visit and perfrom Scrutiny Proces)", "", "", "", ""</span><br />
    
        

      </td>
</tr>
<tr>
  <td class="method">
                  ApplicationTest
      </td>
  <td class="duration">
    64.147s
  </td>
  <td class="result">
        
          <i>Method arguments: </i><span class="arguments">"", "LOGIN", "Scrutiny", "", "Architect should be able to login."</span><br />
    
        

      </td>
</tr>
<tr>
  <td class="method">
                  ApplicationTest
      </td>
  <td class="duration">
    0.743s
  </td>
  <td class="result">
        
          <i>Method arguments: </i><span class="arguments">"", "SETTEXT", "Enter Keyword for search", "0036", "Seach tab should be found ."</span><br />
    
        

      </td>
</tr>
<tr>
  <td class="method">
                  ApplicationTest
      </td>
  <td class="duration">
    0.163s
  </td>
  <td class="result">
        
          <i>Method arguments: </i><span class="arguments">"", "CLICK", "File Name", "0036", "Proposal Use should be available in dropdown."</span><br />
    
        

      </td>
</tr>
<tr>
  <td class="method">
                  ApplicationTest
      </td>
  <td class="duration">
    1.699s
  </td>
  <td class="result">
        
          <i>Method arguments: </i><span class="arguments">"", "LEFT_MENU", "LeftMenu_SubTab", "Received", "This tab should be found in the menu bar "</span><br />
    
        

      </td>
</tr>
<tr>
  <td class="method">
                  ApplicationTest
      </td>
  <td class="duration">
    2.745s
  </td>
  <td class="result">
        
          <i>Method arguments: </i><span class="arguments">"", "LEFT_MENU", "LeftMenu_SubTab", "Approved Files", "This tab should be found in the menu bar "</span><br />
    
        

      </td>
</tr>
<tr>
  <td class="method">
                  ApplicationTest
      </td>
  <td class="duration">
    0.015s
  </td>
  <td class="result">
        
          <i>Method arguments: </i><span class="arguments">"", "CLICK", "Verify medatory doc", "Mandatory Documents", " Mandatory Documents should be verify successfully. "</span><br />
    
        

      </td>
</tr>
          <tr>
        <td colspan="3" class="group">Module.cc</td>
      </tr>
            
<tr>
  <td class="method">
                  ApplicationTest
      </td>
  <td class="duration">
    31.580s
  </td>
  <td class="result">
        
          <i>Method arguments: </i><span class="arguments">"", "FRAME", "Documentframe", "  ", "Documet frame should be found ."</span><br />
    
        

      </td>
</tr>
<tr>
  <td class="method">
                  ApplicationTest
      </td>
  <td class="duration">
    0.644s
  </td>
  <td class="result">
        
          <i>Method arguments: </i><span class="arguments">"", "SETTEXT", "Mobile No", "8.983675455E9", "Mobile no should be accept numric value."</span><br />
    
        

      </td>
</tr>
<tr>
  <td class="method">
                  ApplicationTest
      </td>
  <td class="duration">
    0.254s
  </td>
  <td class="result">
        
          <i>Method arguments: </i><span class="arguments">"", "SETTEXT", "Original Plot Area", "100.0", "This Field accept only numric value."</span><br />
    
        

      </td>
</tr>
<tr>
  <td class="method">
                  ApplicationTest
      </td>
  <td class="duration">
    0.547s
  </td>
  <td class="result">
        
          <i>Method arguments: </i><span class="arguments">"", "CLICK", "Save Plot Details", "", "Plot details  should be save successfully."</span><br />
    
        

      </td>
</tr>
<tr>
  <td class="method">
                  ApplicationTest
      </td>
  <td class="duration">
    156.012s
  </td>
  <td class="result">
        
          <i>Method arguments: </i><span class="arguments">"", "CLICK", "Attch medatory doc", "Mandatory Documents", "Mandatory Documents should be  attach successfully."</span><br />
    
        

      </td>
</tr>
<tr>
  <td class="method">
                  ApplicationTest
      </td>
  <td class="duration">
    0.442s
  </td>
  <td class="result">
        
          <i>Method arguments: </i><span class="arguments">"", "LEFT_MENU", "LeftMenu_SubTab", "Draft Application", "This tab should be found in the menu bar "</span><br />
    
        

      </td>
</tr>
<tr>
  <td class="method">
                  ApplicationTest
      </td>
  <td class="duration">
    2.226s
  </td>
  <td class="result">
        
          <i>Method arguments: </i><span class="arguments">"", "SELECT", "Project Group Type", "General Building Permission", "Project Group Type should available."</span><br />
    
        

      </td>
</tr>
<tr>
  <td class="method">
                  ApplicationTest
      </td>
  <td class="duration">
    0.251s
  </td>
  <td class="result">
        
          <i>Method arguments: </i><span class="arguments">"", "SETTEXT", "Development Area", "Gamtal", "Development Area should be found."</span><br />
    
        

      </td>
</tr>
<tr>
  <td class="method">
                  ApplicationTest
      </td>
  <td class="duration">
    13.686s
  </td>
  <td class="result">
        
          <i>Method arguments: </i><span class="arguments">"", "CLICK", "Click On proposal", "Null", "Proposal button should be found."</span><br />
    
        

      </td>
</tr>
<tr>
  <td class="method">
                  ApplicationTest
      </td>
  <td class="duration">
    9.312s
  </td>
  <td class="result">
        
          <i>Method arguments: </i><span class="arguments">"", "FRAME", "Drawingframe", "", "Drawing frame should be found ."</span><br />
    
        

      </td>
</tr>
<tr>
  <td class="method">
                  ApplicationTest
      </td>
  <td class="duration">
    0.100s
  </td>
  <td class="result">
        
          <i>Method arguments: </i><span class="arguments">"", "LEFT_MENU", "LeftMenuTab", "Commencement Certificate", "This tab should be found in the menu bar "</span><br />
    
        

      </td>
</tr>
<tr>
  <td class="method">
                  ApplicationTest
      </td>
  <td class="duration">
    0.000s
  </td>
  <td class="result">
        
          <i>Method arguments: </i><span class="arguments">null, null, null, null, null</span><br />
    
        

      </td>
</tr>
<tr>
  <td class="method">
                  ApplicationTest
      </td>
  <td class="duration">
    1.742s
  </td>
  <td class="result">
        
          <i>Method arguments: </i><span class="arguments">"", "SELECT", "Building Subuse", "Bungalow/Detached Dwelling Unit", "Building Subuse should be found."</span><br />
    
        

      </td>
</tr>
<tr>
  <td class="method">
                  ApplicationTest
      </td>
  <td class="duration">
    5.203s
  </td>
  <td class="result">
        
          <i>Method arguments: </i><span class="arguments">"", "FRAME", "Main Frame", "passed by script ", "Main frame should be found ."</span><br />
    
        

      </td>
</tr>
<tr>
  <td class="method">
                  ApplicationTest
      </td>
  <td class="duration">
    28.584s
  </td>
  <td class="result">
        
          <i>Method arguments: </i><span class="arguments">"TC 1
(Proposal Creation and submission)", "", "", "", ""</span><br />
    
        

      </td>
</tr>
<tr>
  <td class="method">
                  ApplicationTest
      </td>
  <td class="duration">
    2.059s
  </td>
  <td class="result">
        
          <i>Method arguments: </i><span class="arguments">"", "SELECT", "Building Use", "Residential", "Building Use should be found."</span><br />
    
        

      </td>
</tr>
<tr>
  <td class="method">
                  ApplicationTest
      </td>
  <td class="duration">
    0.231s
  </td>
  <td class="result">
        
          <i>Method arguments: </i><span class="arguments">"", "SETTEXT", "Plot Use", "Residential", "Plot Use should be found."</span><br />
    
        

      </td>
</tr>
<tr>
  <td class="method">
                  ApplicationTest
      </td>
  <td class="duration">
    4.804s
  </td>
  <td class="result">
        
          <i>Method arguments: </i><span class="arguments">"", "SELECT", "Location", "Draft/Preliminary TP Scheme", "Location should available."</span><br />
    
        

      </td>
</tr>
<tr>
  <td class="method">
                  ApplicationTest
      </td>
  <td class="duration">
    16.792s
  </td>
  <td class="result">
        
          <i>Method arguments: </i><span class="arguments">"", "CLICK", "File Name", "0104", "Proposal Use should be available in dropdown."</span><br />
    
        

      </td>
</tr>
<tr>
  <td class="method">
                  ApplicationTest
      </td>
  <td class="duration">
    3.236s
  </td>
  <td class="result">
        
          <i>Method arguments: </i><span class="arguments">"", "SETTEXT", "Land Sub Use", "R1 Zone", "Land Sub Use  should be found."</span><br />
    
        

      </td>
</tr>
<tr>
  <td class="method">
                  ApplicationTest
      </td>
  <td class="duration">
    2.249s
  </td>
  <td class="result">
        
          <i>Method arguments: </i><span class="arguments">"", "SELECT", "Special Project", "NA", "Special Project Type should available."</span><br />
    
        

      </td>
</tr>
<tr>
  <td class="method">
                  ApplicationTest
      </td>
  <td class="duration">
    0.846s
  </td>
  <td class="result">
        
          <i>Method arguments: </i><span class="arguments">"", "SETTEXT", "Email ID", "akshay85pokley@gmail.com", "Emaild id should be correct."</span><br />
    
        

      </td>
</tr>
<tr>
  <td class="method">
                  ApplicationTest
      </td>
  <td class="duration">
    15.451s
  </td>
  <td class="result">
        
          <i>Method arguments: </i><span class="arguments">"", "FRAME", "Plotframe", "", "Plot frame should be found ."</span><br />
    
        

      </td>
</tr>
<tr>
  <td class="method">
                  ApplicationTest
      </td>
  <td class="duration">
    0.167s
  </td>
  <td class="result">
        
          <i>Method arguments: </i><span class="arguments">"", "SETTEXT", "Final Plot Area", "200.0", "This Field accept only numric value."</span><br />
    
        

      </td>
</tr>
<tr>
  <td class="method">
                  ApplicationTest
      </td>
  <td class="duration">
    9.790s
  </td>
  <td class="result">
        
          <i>Method arguments: </i><span class="arguments">"", "FRAME", "Main Frame", "passed by script ", "Main frame should be found ."</span><br />
    
        

      </td>
</tr>
<tr>
  <td class="method">
                  ApplicationTest
      </td>
  <td class="duration">
    0.182s
  </td>
  <td class="result">
        
          <i>Method arguments: </i><span class="arguments">"", "SETTEXT", "State", "MH", "State should be alpha numric"</span><br />
    
        

      </td>
</tr>
<tr>
  <td class="method">
                  ApplicationTest
      </td>
  <td class="duration">
    0.366s
  </td>
  <td class="result">
        
          <i>Method arguments: </i><span class="arguments">"", "SETTEXT", "Building Floor", "9.0", "Floor should be numric."</span><br />
    
        

      </td>
</tr>
<tr>
  <td class="method">
                  ApplicationTest
      </td>
  <td class="duration">
    0.409s
  </td>
  <td class="result">
        
          <i>Method arguments: </i><span class="arguments">"", "SETTEXT", "Building Name", "A1", "Building name should be alphanumric."</span><br />
    
        

      </td>
</tr>
<tr>
  <td class="method">
                  ApplicationTest
      </td>
  <td class="duration">
    0.402s
  </td>
  <td class="result">
        
          <i>Method arguments: </i><span class="arguments">"", "SETTEXT", "Plot Sub Use", "Bungalow/Detached Dwelling Unit", "Plot Sub Use should be found."</span><br />
    
        

      </td>
</tr>
<tr>
  <td class="method">
                  ApplicationTest
      </td>
  <td class="duration">
    18.365s
  </td>
  <td class="result">
        
          <i>Method arguments: </i><span class="arguments">"", "SETTEXT", "Land Use Zone", "Residential ", "Land Use Zone  should be found."</span><br />
    
        

      </td>
</tr>
<tr>
  <td class="method">
                  ApplicationTest
      </td>
  <td class="duration">
    0.503s
  </td>
  <td class="result">
        
          <i>Method arguments: </i><span class="arguments">"", "SETTEXT", "Address", "Plot 452 srinivas socity ", "Address should be alpha numric"</span><br />
    
        

      </td>
</tr>
<tr>
  <td class="method">
                  ApplicationTest
      </td>
  <td class="duration">
    2.235s
  </td>
  <td class="result">
        
          <i>Method arguments: </i><span class="arguments">"", "SELECT", "Ward", "Ward1", "Ward Type should available."</span><br />
    
        

      </td>
</tr>
<tr>
  <td class="method">
                  ApplicationTest
      </td>
  <td class="duration">
    2.221s
  </td>
  <td class="result">
        
          <i>Method arguments: </i><span class="arguments">"", "SELECT", "Project Type", "Building Permission", "Project Type should available."</span><br />
    
        

      </td>
</tr>
<tr>
  <td class="method">
                  ApplicationTest
      </td>
  <td class="duration">
    29.007s
  </td>
  <td class="result">
        
          <i>Method arguments: </i><span class="arguments">"", "LOGIN", "Architect", "", "Architect should be able to login."</span><br />
    
        

      </td>
</tr>
<tr>
  <td class="method">
                  ApplicationTest
      </td>
  <td class="duration">
    0.361s
  </td>
  <td class="result">
        
          <i>Method arguments: </i><span class="arguments">"", "SETTEXT", "Building driling point", "3.0", "Drilling point should be numric."</span><br />
    
        

      </td>
</tr>
<tr>
  <td class="method">
                  ApplicationTest
      </td>
  <td class="duration">
    3.765s
  </td>
  <td class="result">
        
          <i>Method arguments: </i><span class="arguments">"", "SETTEXT", "Owner name", "Rupesh Damodar", "Owner name should be alphnumric"</span><br />
    
        

      </td>
</tr>
<tr>
  <td class="method">
                  ApplicationTest
      </td>
  <td class="duration">
    15.435s
  </td>
  <td class="result">
        
          <i>Method arguments: </i><span class="arguments">"", "FRAME", "Buildingframe", "  ", "Building frame should be found ."</span><br />
    
        

      </td>
</tr>
<tr>
  <td class="method">
                  ApplicationTest
      </td>
  <td class="duration">
    2.227s
  </td>
  <td class="result">
        
          <i>Method arguments: </i><span class="arguments">"", "SELECT", "Case Type", "New", "Case Type should available."</span><br />
    
        

      </td>
</tr>
<tr>
  <td class="method">
                  ApplicationTest
      </td>
  <td class="duration">
    9.008s
  </td>
  <td class="result">
        
          <i>Method arguments: </i><span class="arguments">"", "CLICK", "Submit proposal", "", "Proposal should be submit sucessfully."</span><br />
    
        

      </td>
</tr>
<tr>
  <td class="method">
                  ApplicationTest
      </td>
  <td class="duration">
    3.749s
  </td>
  <td class="result">
        
          <i>Method arguments: </i><span class="arguments">"", "BROWSER CLOSED", "Closed", "", "Browser Closed"</span><br />
    
        

      </td>
</tr>
<tr>
  <td class="method">
                  ApplicationTest
      </td>
  <td class="duration">
    1.777s
  </td>
  <td class="result">
        
          <i>Method arguments: </i><span class="arguments">"", "SELECT", "Building Type", "Row House", "Building Type should be found."</span><br />
    
        

      </td>
</tr>
<tr>
  <td class="method">
                  ApplicationTest
      </td>
  <td class="duration">
    6.360s
  </td>
  <td class="result">
        
          <i>Method arguments: </i><span class="arguments">"", "CLICK", "save", "", "owner details  should be save successfully."</span><br />
    
        

      </td>
</tr>
<tr>
  <td class="method">
                  ApplicationTest
      </td>
  <td class="duration">
    0.335s
  </td>
  <td class="result">
        
          <i>Method arguments: </i><span class="arguments">"", "SETTEXT", "Building Height", "16.3", "Height should be numric."</span><br />
    
        

      </td>
</tr>
<tr>
  <td class="method">
                  ApplicationTest
      </td>
  <td class="duration">
    0.247s
  </td>
  <td class="result">
        
          <i>Method arguments: </i><span class="arguments">"", "SETTEXT", "Proposed Road Width", "45.2", "This Field accept only numric value."</span><br />
    
        

      </td>
</tr>
<tr>
  <td class="method">
                  ApplicationTest
      </td>
  <td class="duration">
    3.821s
  </td>
  <td class="result">
        
          <i>Method arguments: </i><span class="arguments">"", "CLICK", "Click on Submit Building", "", "Building details  should be save successfully."</span><br />
    
        

      </td>
</tr>
<tr>
  <td class="method">
                  ApplicationTest
      </td>
  <td class="duration">
    13.016s
  </td>
  <td class="result">
        
          <i>Method arguments: </i><span class="arguments">"", "CLICK", "Attach Drawing", "", "Drawing should be  attach successfully."</span><br />
    
        

      </td>
</tr>
<tr>
  <td class="method">
                  ApplicationTest
      </td>
  <td class="duration">
    0.567s
  </td>
  <td class="result">
        
          <i>Method arguments: </i><span class="arguments">"", "SETTEXT", "Enter Keyword for search", "104", "Search tab should be found "</span><br />
    
        

      </td>
</tr>
<tr>
  <td class="method">
                  ApplicationTest
      </td>
  <td class="duration">
    0.222s
  </td>
  <td class="result">
        
          <i>Method arguments: </i><span class="arguments">"", "SETTEXT", "City", "Pune", "City should be alpha numric"</span><br />
    
        

      </td>
</tr>
<tr>
  <td class="method">
                  ApplicationTest
      </td>
  <td class="duration">
    0.199s
  </td>
  <td class="result">
        
          <i>Method arguments: </i><span class="arguments">"", "SETTEXT", "Abutting Road Width", "23.3", "This Field accept only numric value."</span><br />
    
        

      </td>
</tr>
      </table>
  
</body>
</html>
