<!DOCTYPE html PUBLIC "-//W3C//DTD XHTML 1.1//EN" "http://www.w3.org/TR/xhtml11/DTD/xhtml11.dtd">
<html xmlns="http://www.w3.org/1999/xhtml"><head><title>TestNG Report</title><style type="text/css">table {margin-bottom:10px;border-collapse:collapse;empty-cells:show}th,td {border:1px solid #009;padding:.25em .5em}th {vertical-align:bottom}td {vertical-align:top}table a {font-weight:bold}.stripe td {background-color: #E6EBF9}.num {text-align:right}.passedodd td {background-color: #3F3}.passedeven td {background-color: #0A0}.skippedodd td {background-color: #DDD}.skippedeven td {background-color: #CCC}.failedodd td,.attn {background-color: #F33}.failedeven td,.stripe .attn {background-color: #D00}.stacktrace {white-space:pre;font-family:monospace}.totop {font-size:85%;text-align:center;border-bottom:2px solid #000}</style></head><body><table><tr><th>Test</th><th># Passed</th><th># Skipped</th><th># Failed</th><th>Time (ms)</th><th>Included Groups</th><th>Excluded Groups</th></tr><tr><th colspan="7">Suite1</th></tr><tr><td><a href="#t0">Regression</a></td><td class="num">107</td><td class="num">0</td><td class="num attn">5</td><td class="num">1,603,351</td><td></td><td></td></tr></table><table><thead><tr><th>Class</th><th>Method</th><th>Start</th><th>Time (ms)</th></tr></thead><tbody><tr><th colspan="4">Suite1</th></tr></tbody><tbody id="t0"><tr><th colspan="4">Regression &#8212; failed</th></tr><tr class="failedeven"><td rowspan="5">Module.ScrutinyApproveprtic</td><td><a href="#m0">ApplicationTest</a></td><td rowspan="5">1528963884561</td><td rowspan="5">15039</td></tr><tr class="failedeven"><td><a href="#m1">ApplicationTest</a></td></tr><tr class="failedeven"><td><a href="#m2">ApplicationTest</a></td></tr><tr class="failedeven"><td><a href="#m3">ApplicationTest</a></td></tr><tr class="failedeven"><td><a href="#m4">ApplicationTest</a></td></tr><tr><th colspan="4">Regression &#8212; passed</th></tr><tr class="passedeven"><td rowspan="57">Module.CCImprov</td><td><a href="#m5">ApplicationTest</a></td><td rowspan="57">1528962458932</td><td rowspan="57">581</td></tr><tr class="passedeven"><td><a href="#m6">ApplicationTest</a></td></tr><tr class="passedeven"><td><a href="#m7">ApplicationTest</a></td></tr><tr class="passedeven"><td><a href="#m8">ApplicationTest</a></td></tr><tr class="passedeven"><td><a href="#m9">ApplicationTest</a></td></tr><tr class="passedeven"><td><a href="#m10">ApplicationTest</a></td></tr><tr class="passedeven"><td><a href="#m11">ApplicationTest</a></td></tr><tr class="passedeven"><td><a href="#m12">ApplicationTest</a></td></tr><tr class="passedeven"><td><a href="#m13">ApplicationTest</a></td></tr><tr class="passedeven"><td><a href="#m14">ApplicationTest</a></td></tr><tr class="passedeven"><td><a href="#m15">ApplicationTest</a></td></tr><tr class="passedeven"><td><a href="#m16">ApplicationTest</a></td></tr><tr class="passedeven"><td><a href="#m17">ApplicationTest</a></td></tr><tr class="passedeven"><td><a href="#m18">ApplicationTest</a></td></tr><tr class="passedeven"><td><a href="#m19">ApplicationTest</a></td></tr><tr class="passedeven"><td><a href="#m20">ApplicationTest</a></td></tr><tr class="passedeven"><td><a href="#m21">ApplicationTest</a></td></tr><tr class="passedeven"><td><a href="#m22">ApplicationTest</a></td></tr><tr class="passedeven"><td><a href="#m23">ApplicationTest</a></td></tr><tr class="passedeven"><td><a href="#m24">ApplicationTest</a></td></tr><tr class="passedeven"><td><a href="#m25">ApplicationTest</a></td></tr><tr class="passedeven"><td><a href="#m26">ApplicationTest</a></td></tr><tr class="passedeven"><td><a href="#m27">ApplicationTest</a></td></tr><tr class="passedeven"><td><a href="#m28">ApplicationTest</a></td></tr><tr class="passedeven"><td><a href="#m29">ApplicationTest</a></td></tr><tr class="passedeven"><td><a href="#m30">ApplicationTest</a></td></tr><tr class="passedeven"><td><a href="#m31">ApplicationTest</a></td></tr><tr class="passedeven"><td><a href="#m32">ApplicationTest</a></td></tr><tr class="passedeven"><td><a href="#m33">ApplicationTest</a></td></tr><tr class="passedeven"><td><a href="#m34">ApplicationTest</a></td></tr><tr class="passedeven"><td><a href="#m35">ApplicationTest</a></td></tr><tr class="passedeven"><td><a href="#m36">ApplicationTest</a></td></tr><tr class="passedeven"><td><a href="#m37">ApplicationTest</a></td></tr><tr class="passedeven"><td><a href="#m38">ApplicationTest</a></td></tr><tr class="passedeven"><td><a href="#m39">ApplicationTest</a></td></tr><tr class="passedeven"><td><a href="#m40">ApplicationTest</a></td></tr><tr class="passedeven"><td><a href="#m41">ApplicationTest</a></td></tr><tr class="passedeven"><td><a href="#m42">ApplicationTest</a></td></tr><tr class="passedeven"><td><a href="#m43">ApplicationTest</a></td></tr><tr class="passedeven"><td><a href="#m44">ApplicationTest</a></td></tr><tr class="passedeven"><td><a href="#m45">ApplicationTest</a></td></tr><tr class="passedeven"><td><a href="#m46">ApplicationTest</a></td></tr><tr class="passedeven"><td><a href="#m47">ApplicationTest</a></td></tr><tr class="passedeven"><td><a href="#m48">ApplicationTest</a></td></tr><tr class="passedeven"><td><a href="#m49">ApplicationTest</a></td></tr><tr class="passedeven"><td><a href="#m50">ApplicationTest</a></td></tr><tr class="passedeven"><td><a href="#m51">ApplicationTest</a></td></tr><tr class="passedeven"><td><a href="#m52">ApplicationTest</a></td></tr><tr class="passedeven"><td><a href="#m53">ApplicationTest</a></td></tr><tr class="passedeven"><td><a href="#m54">ApplicationTest</a></td></tr><tr class="passedeven"><td><a href="#m55">ApplicationTest</a></td></tr><tr class="passedeven"><td><a href="#m56">ApplicationTest</a></td></tr><tr class="passedeven"><td><a href="#m57">ApplicationTest</a></td></tr><tr class="passedeven"><td><a href="#m58">ApplicationTest</a></td></tr><tr class="passedeven"><td><a href="#m59">ApplicationTest</a></td></tr><tr class="passedeven"><td><a href="#m60">ApplicationTest</a></td></tr><tr class="passedeven"><td><a href="#m61">ApplicationTest</a></td></tr><tr class="passedodd"><td rowspan="50">Module.ScrutinyApproveprtic</td><td><a href="#m62">ApplicationTest</a></td><td rowspan="50">1528963735846</td><td rowspan="50">614</td></tr><tr class="passedodd"><td><a href="#m63">ApplicationTest</a></td></tr><tr class="passedodd"><td><a href="#m64">ApplicationTest</a></td></tr><tr class="passedodd"><td><a href="#m65">ApplicationTest</a></td></tr><tr class="passedodd"><td><a href="#m66">ApplicationTest</a></td></tr><tr class="passedodd"><td><a href="#m67">ApplicationTest</a></td></tr><tr class="passedodd"><td><a href="#m68">ApplicationTest</a></td></tr><tr class="passedodd"><td><a href="#m69">ApplicationTest</a></td></tr><tr class="passedodd"><td><a href="#m70">ApplicationTest</a></td></tr><tr class="passedodd"><td><a href="#m71">ApplicationTest</a></td></tr><tr class="passedodd"><td><a href="#m72">ApplicationTest</a></td></tr><tr class="passedodd"><td><a href="#m73">ApplicationTest</a></td></tr><tr class="passedodd"><td><a href="#m74">ApplicationTest</a></td></tr><tr class="passedodd"><td><a href="#m75">ApplicationTest</a></td></tr><tr class="passedodd"><td><a href="#m76">ApplicationTest</a></td></tr><tr class="passedodd"><td><a href="#m77">ApplicationTest</a></td></tr><tr class="passedodd"><td><a href="#m78">ApplicationTest</a></td></tr><tr class="passedodd"><td><a href="#m79">ApplicationTest</a></td></tr><tr class="passedodd"><td><a href="#m80">ApplicationTest</a></td></tr><tr class="passedodd"><td><a href="#m81">ApplicationTest</a></td></tr><tr class="passedodd"><td><a href="#m82">ApplicationTest</a></td></tr><tr class="passedodd"><td><a href="#m83">ApplicationTest</a></td></tr><tr class="passedodd"><td><a href="#m84">ApplicationTest</a></td></tr><tr class="passedodd"><td><a href="#m85">ApplicationTest</a></td></tr><tr class="passedodd"><td><a href="#m86">ApplicationTest</a></td></tr><tr class="passedodd"><td><a href="#m87">ApplicationTest</a></td></tr><tr class="passedodd"><td><a href="#m88">ApplicationTest</a></td></tr><tr class="passedodd"><td><a href="#m89">ApplicationTest</a></td></tr><tr class="passedodd"><td><a href="#m90">ApplicationTest</a></td></tr><tr class="passedodd"><td><a href="#m91">ApplicationTest</a></td></tr><tr class="passedodd"><td><a href="#m92">ApplicationTest</a></td></tr><tr class="passedodd"><td><a href="#m93">ApplicationTest</a></td></tr><tr class="passedodd"><td><a href="#m94">ApplicationTest</a></td></tr><tr class="passedodd"><td><a href="#m95">ApplicationTest</a></td></tr><tr class="passedodd"><td><a href="#m96">ApplicationTest</a></td></tr><tr class="passedodd"><td><a href="#m97">ApplicationTest</a></td></tr><tr class="passedodd"><td><a href="#m98">ApplicationTest</a></td></tr><tr class="passedodd"><td><a href="#m99">ApplicationTest</a></td></tr><tr class="passedodd"><td><a href="#m100">ApplicationTest</a></td></tr><tr class="passedodd"><td><a href="#m101">ApplicationTest</a></td></tr><tr class="passedodd"><td><a href="#m102">ApplicationTest</a></td></tr><tr class="passedodd"><td><a href="#m103">ApplicationTest</a></td></tr><tr class="passedodd"><td><a href="#m104">ApplicationTest</a></td></tr><tr class="passedodd"><td><a href="#m105">ApplicationTest</a></td></tr><tr class="passedodd"><td><a href="#m106">ApplicationTest</a></td></tr><tr class="passedodd"><td><a href="#m107">ApplicationTest</a></td></tr><tr class="passedodd"><td><a href="#m108">ApplicationTest</a></td></tr><tr class="passedodd"><td><a href="#m109">ApplicationTest</a></td></tr><tr class="passedodd"><td><a href="#m110">ApplicationTest</a></td></tr><tr class="passedodd"><td><a href="#m111">ApplicationTest</a></td></tr></tbody></table><h2>Regression</h2><h3 id="m0">Module.ScrutinyApproveprtic#ApplicationTest</h3><table class="result"><tr class="param"><th>Parameter #1</th><th>Parameter #2</th><th>Parameter #3</th><th>Parameter #4</th><th>Parameter #5</th></tr><tr class="param stripe"><td></td><td>CLICK</td><td>CC Letter</td><td>RC Certificate</td><td>CC letter should be display.</td></tr><tr><th colspan="5">Exception</th></tr><tr><td colspan="5"><div class="stacktrace">org.openqa.selenium.NoSuchElementException: no such element: Unable to locate element: {&quot;method&quot;:&quot;xpath&quot;,&quot;selector&quot;:&quot;.//*[@id=&apos;btnReport&apos;]&quot;}
  (Session info: chrome=62.0.3202.62)
  (Driver info: chromedriver=2.33.506120 (e3e53437346286c0bc2d2dc9aa4915ba81d9023f),platform=Windows NT 6.1.7601 SP1 x86_64) (WARNING: The server did not provide any stacktrace information)
Command duration or timeout: 15.04 seconds
For documentation on this error, please visit: http://seleniumhq.org/exceptions/no_such_element.html
Build info: version: &apos;unknown&apos;, revision: &apos;5234b32&apos;, time: &apos;2017-03-10 09:00:17 -0800&apos;
System info: host: &apos;SEPL039&apos;, ip: &apos;192.168.1.194&apos;, os.name: &apos;Windows 7&apos;, os.arch: &apos;x86&apos;, os.version: &apos;6.1&apos;, java.version: &apos;1.8.0_144&apos;
Driver info: org.openqa.selenium.chrome.ChromeDriver
Capabilities [{applicationCacheEnabled=false, rotatable=false, mobileEmulationEnabled=false, networkConnectionEnabled=false, chrome={chromedriverVersion=2.33.506120 (e3e53437346286c0bc2d2dc9aa4915ba81d9023f), userDataDir=C:\Users\AKSHAY~1.POK\AppData\Local\Temp\scoped_dir8056_17792}, takesHeapSnapshot=true, pageLoadStrategy=normal, databaseEnabled=false, handlesAlerts=true, hasTouchScreen=false, version=62.0.3202.62, platform=XP, browserConnectionEnabled=false, nativeEvents=true, acceptSslCerts=true, locationContextEnabled=true, webStorageEnabled=true, browserName=chrome, takesScreenshot=true, javascriptEnabled=true, cssSelectorsEnabled=true, setWindowRect=true, unexpectedAlertBehaviour=}]
Session ID: 541ec5c82571b5712b93cf221040e846
*** Element info: {Using=xpath, value=.//*[@id=&apos;btnReport&apos;]}
	at sun.reflect.NativeConstructorAccessorImpl.newInstance0(Native Method)
	at sun.reflect.NativeConstructorAccessorImpl.newInstance(NativeConstructorAccessorImpl.java:62)
	at sun.reflect.DelegatingConstructorAccessorImpl.newInstance(DelegatingConstructorAccessorImpl.java:45)
	at java.lang.reflect.Constructor.newInstance(Constructor.java:423)
	at org.openqa.selenium.remote.ErrorHandler.createThrowable(ErrorHandler.java:216)
	at org.openqa.selenium.remote.ErrorHandler.throwIfResponseFailed(ErrorHandler.java:168)
	at org.openqa.selenium.remote.RemoteWebDriver.execute(RemoteWebDriver.java:638)
	at org.openqa.selenium.remote.RemoteWebDriver.findElement(RemoteWebDriver.java:371)
	at org.openqa.selenium.remote.RemoteWebDriver.findElementByXPath(RemoteWebDriver.java:476)
	at org.openqa.selenium.By$ByXPath.findElement(By.java:361)
	at org.openqa.selenium.remote.RemoteWebDriver.findElement(RemoteWebDriver.java:363)
	at Module.ScrutinyApproveprtic.ApplicationTest(ScrutinyApproveprtic.java:914)
	at sun.reflect.GeneratedMethodAccessor4.invoke(Unknown Source)
	at sun.reflect.DelegatingMethodAccessorImpl.invoke(DelegatingMethodAccessorImpl.java:43)
	at java.lang.reflect.Method.invoke(Method.java:498)
	at org.testng.internal.MethodInvocationHelper.invokeMethod(MethodInvocationHelper.java:85)
	at org.testng.internal.Invoker.invokeMethod(Invoker.java:639)
	at org.testng.internal.Invoker.invokeTestMethod(Invoker.java:816)
	at org.testng.internal.Invoker.invokeTestMethods(Invoker.java:1124)
	at org.testng.internal.TestMethodWorker.invokeTestMethods(TestMethodWorker.java:125)
	at org.testng.internal.TestMethodWorker.run(TestMethodWorker.java:108)
	at org.testng.TestRunner.privateRun(TestRunner.java:774)
	at org.testng.TestRunner.run(TestRunner.java:624)
	at org.testng.SuiteRunner.runTest(SuiteRunner.java:359)
	at org.testng.SuiteRunner.runSequentially(SuiteRunner.java:354)
	at org.testng.SuiteRunner.privateRun(SuiteRunner.java:312)
	at org.testng.SuiteRunner.run(SuiteRunner.java:261)
	at org.testng.SuiteRunnerWorker.runSuite(SuiteRunnerWorker.java:52)
	at org.testng.SuiteRunnerWorker.run(SuiteRunnerWorker.java:86)
	at org.testng.TestNG.runSuitesSequentially(TestNG.java:1215)
	at org.testng.TestNG.runSuitesLocally(TestNG.java:1140)
	at org.testng.TestNG.run(TestNG.java:1048)
	at org.testng.IDEARemoteTestNG.run(IDEARemoteTestNG.java:72)
	at org.testng.RemoteTestNGStarter.main(RemoteTestNGStarter.java:127)
</div></td></tr></table><p class="totop"><a href="#summary">back to summary</a></p><h3 id="m1">Module.ScrutinyApproveprtic#ApplicationTest</h3><table class="result"><tr class="param"><th>Parameter #1</th><th>Parameter #2</th><th>Parameter #3</th><th>Parameter #4</th><th>Parameter #5</th></tr><tr class="param stripe"><td></td><td>CLICK</td><td>Save sitevist</td><td>  </td><td>site visit should be save successfully </td></tr><tr><th colspan="5">Exception</th></tr><tr><td colspan="5"><div class="stacktrace">org.openqa.selenium.NoSuchElementException: no such element: Unable to locate element: {&quot;method&quot;:&quot;xpath&quot;,&quot;selector&quot;:&quot;//html/body/form/table/tbody/tr[2]/td[2]/button&quot;}
  (Session info: chrome=62.0.3202.62)
  (Driver info: chromedriver=2.33.506120 (e3e53437346286c0bc2d2dc9aa4915ba81d9023f),platform=Windows NT 6.1.7601 SP1 x86_64) (WARNING: The server did not provide any stacktrace information)
Command duration or timeout: 15.01 seconds
For documentation on this error, please visit: http://seleniumhq.org/exceptions/no_such_element.html
Build info: version: &apos;unknown&apos;, revision: &apos;5234b32&apos;, time: &apos;2017-03-10 09:00:17 -0800&apos;
System info: host: &apos;SEPL039&apos;, ip: &apos;192.168.1.194&apos;, os.name: &apos;Windows 7&apos;, os.arch: &apos;x86&apos;, os.version: &apos;6.1&apos;, java.version: &apos;1.8.0_144&apos;
Driver info: org.openqa.selenium.chrome.ChromeDriver
Capabilities [{applicationCacheEnabled=false, rotatable=false, mobileEmulationEnabled=false, networkConnectionEnabled=false, chrome={chromedriverVersion=2.33.506120 (e3e53437346286c0bc2d2dc9aa4915ba81d9023f), userDataDir=C:\Users\AKSHAY~1.POK\AppData\Local\Temp\scoped_dir1560_19471}, takesHeapSnapshot=true, pageLoadStrategy=normal, databaseEnabled=false, handlesAlerts=true, hasTouchScreen=false, version=62.0.3202.62, platform=XP, browserConnectionEnabled=false, nativeEvents=true, acceptSslCerts=true, locationContextEnabled=true, webStorageEnabled=true, browserName=chrome, takesScreenshot=true, javascriptEnabled=true, cssSelectorsEnabled=true, setWindowRect=true, unexpectedAlertBehaviour=}]
Session ID: f151c8bb81f64904d3d5a18440d36e48
*** Element info: {Using=xpath, value=//html/body/form/table/tbody/tr[2]/td[2]/button}
	at sun.reflect.NativeConstructorAccessorImpl.newInstance0(Native Method)
	at sun.reflect.NativeConstructorAccessorImpl.newInstance(NativeConstructorAccessorImpl.java:62)
	at sun.reflect.DelegatingConstructorAccessorImpl.newInstance(DelegatingConstructorAccessorImpl.java:45)
	at java.lang.reflect.Constructor.newInstance(Constructor.java:423)
	at org.openqa.selenium.remote.ErrorHandler.createThrowable(ErrorHandler.java:216)
	at org.openqa.selenium.remote.ErrorHandler.throwIfResponseFailed(ErrorHandler.java:168)
	at org.openqa.selenium.remote.RemoteWebDriver.execute(RemoteWebDriver.java:638)
	at org.openqa.selenium.remote.RemoteWebDriver.findElement(RemoteWebDriver.java:371)
	at org.openqa.selenium.remote.RemoteWebDriver.findElementByXPath(RemoteWebDriver.java:476)
	at org.openqa.selenium.By$ByXPath.findElement(By.java:361)
	at org.openqa.selenium.remote.RemoteWebDriver.findElement(RemoteWebDriver.java:363)
	at Module.ScrutinyApproveprtic.ApplicationTest(ScrutinyApproveprtic.java:1079)
	at sun.reflect.GeneratedMethodAccessor4.invoke(Unknown Source)
	at sun.reflect.DelegatingMethodAccessorImpl.invoke(DelegatingMethodAccessorImpl.java:43)
	at java.lang.reflect.Method.invoke(Method.java:498)
	at org.testng.internal.MethodInvocationHelper.invokeMethod(MethodInvocationHelper.java:85)
	at org.testng.internal.Invoker.invokeMethod(Invoker.java:639)
	at org.testng.internal.Invoker.invokeTestMethod(Invoker.java:816)
	at org.testng.internal.Invoker.invokeTestMethods(Invoker.java:1124)
	at org.testng.internal.TestMethodWorker.invokeTestMethods(TestMethodWorker.java:125)
	at org.testng.internal.TestMethodWorker.run(TestMethodWorker.java:108)
	at org.testng.TestRunner.privateRun(TestRunner.java:774)
	at org.testng.TestRunner.run(TestRunner.java:624)
	at org.testng.SuiteRunner.runTest(SuiteRunner.java:359)
	at org.testng.SuiteRunner.runSequentially(SuiteRunner.java:354)
	at org.testng.SuiteRunner.privateRun(SuiteRunner.java:312)
	at org.testng.SuiteRunner.run(SuiteRunner.java:261)
	at org.testng.SuiteRunnerWorker.runSuite(SuiteRunnerWorker.java:52)
	at org.testng.SuiteRunnerWorker.run(SuiteRunnerWorker.java:86)
	at org.testng.TestNG.runSuitesSequentially(TestNG.java:1215)
	at org.testng.TestNG.runSuitesLocally(TestNG.java:1140)
	at org.testng.TestNG.run(TestNG.java:1048)
	at org.testng.IDEARemoteTestNG.run(IDEARemoteTestNG.java:72)
	at org.testng.RemoteTestNGStarter.main(RemoteTestNGStarter.java:127)
</div></td></tr></table><p class="totop"><a href="#summary">back to summary</a></p><h3 id="m2">Module.ScrutinyApproveprtic#ApplicationTest</h3><table class="result"><tr class="param"><th>Parameter #1</th><th>Parameter #2</th><th>Parameter #3</th><th>Parameter #4</th><th>Parameter #5</th></tr><tr class="param stripe"><td></td><td>CLICK</td><td>Notesheet</td><td></td><td>Proposal should be approval suceesfully.</td></tr><tr><th colspan="5">Exception</th></tr><tr><td colspan="5"><div class="stacktrace">org.openqa.selenium.NoSuchElementException: no such element: Unable to locate element: {&quot;method&quot;:&quot;xpath&quot;,&quot;selector&quot;:&quot;.//*[@id=&apos;btnAction&apos;]&quot;}
  (Session info: chrome=62.0.3202.62)
  (Driver info: chromedriver=2.33.506120 (e3e53437346286c0bc2d2dc9aa4915ba81d9023f),platform=Windows NT 6.1.7601 SP1 x86_64) (WARNING: The server did not provide any stacktrace information)
Command duration or timeout: 15.05 seconds
For documentation on this error, please visit: http://seleniumhq.org/exceptions/no_such_element.html
Build info: version: &apos;unknown&apos;, revision: &apos;5234b32&apos;, time: &apos;2017-03-10 09:00:17 -0800&apos;
System info: host: &apos;SEPL039&apos;, ip: &apos;192.168.1.194&apos;, os.name: &apos;Windows 7&apos;, os.arch: &apos;x86&apos;, os.version: &apos;6.1&apos;, java.version: &apos;1.8.0_144&apos;
Driver info: org.openqa.selenium.chrome.ChromeDriver
Capabilities [{applicationCacheEnabled=false, rotatable=false, mobileEmulationEnabled=false, networkConnectionEnabled=false, chrome={chromedriverVersion=2.33.506120 (e3e53437346286c0bc2d2dc9aa4915ba81d9023f), userDataDir=C:\Users\AKSHAY~1.POK\AppData\Local\Temp\scoped_dir10044_24825}, takesHeapSnapshot=true, pageLoadStrategy=normal, databaseEnabled=false, handlesAlerts=true, hasTouchScreen=false, version=62.0.3202.62, platform=XP, browserConnectionEnabled=false, nativeEvents=true, acceptSslCerts=true, locationContextEnabled=true, webStorageEnabled=true, browserName=chrome, takesScreenshot=true, javascriptEnabled=true, cssSelectorsEnabled=true, setWindowRect=true, unexpectedAlertBehaviour=}]
Session ID: e545d3dc52003451ddfecf81f729ddb4
*** Element info: {Using=xpath, value=.//*[@id=&apos;btnAction&apos;]}
	at sun.reflect.NativeConstructorAccessorImpl.newInstance0(Native Method)
	at sun.reflect.NativeConstructorAccessorImpl.newInstance(NativeConstructorAccessorImpl.java:62)
	at sun.reflect.DelegatingConstructorAccessorImpl.newInstance(DelegatingConstructorAccessorImpl.java:45)
	at java.lang.reflect.Constructor.newInstance(Constructor.java:423)
	at org.openqa.selenium.remote.ErrorHandler.createThrowable(ErrorHandler.java:216)
	at org.openqa.selenium.remote.ErrorHandler.throwIfResponseFailed(ErrorHandler.java:168)
	at org.openqa.selenium.remote.RemoteWebDriver.execute(RemoteWebDriver.java:638)
	at org.openqa.selenium.remote.RemoteWebDriver.findElement(RemoteWebDriver.java:371)
	at org.openqa.selenium.remote.RemoteWebDriver.findElementByXPath(RemoteWebDriver.java:476)
	at org.openqa.selenium.By$ByXPath.findElement(By.java:361)
	at org.openqa.selenium.remote.RemoteWebDriver.findElement(RemoteWebDriver.java:363)
	at org.openqa.selenium.support.pagefactory.DefaultElementLocator.findElement(DefaultElementLocator.java:69)
	at org.openqa.selenium.support.pagefactory.internal.LocatingElementHandler.invoke(LocatingElementHandler.java:38)
	at com.sun.proxy.$Proxy7.click(Unknown Source)
	at Pages.Applicantp.clickGeneateFn(Applicantp.java:226)
	at Module.ScrutinyApproveprtic.ApplicationTest(ScrutinyApproveprtic.java:763)
	at sun.reflect.GeneratedMethodAccessor4.invoke(Unknown Source)
	at sun.reflect.DelegatingMethodAccessorImpl.invoke(DelegatingMethodAccessorImpl.java:43)
	at java.lang.reflect.Method.invoke(Method.java:498)
	at org.testng.internal.MethodInvocationHelper.invokeMethod(MethodInvocationHelper.java:85)
	at org.testng.internal.Invoker.invokeMethod(Invoker.java:639)
	at org.testng.internal.Invoker.invokeTestMethod(Invoker.java:816)
	at org.testng.internal.Invoker.invokeTestMethods(Invoker.java:1124)
	at org.testng.internal.TestMethodWorker.invokeTestMethods(TestMethodWorker.java:125)
	at org.testng.internal.TestMethodWorker.run(TestMethodWorker.java:108)
	at org.testng.TestRunner.privateRun(TestRunner.java:774)
	at org.testng.TestRunner.run(TestRunner.java:624)
	at org.testng.SuiteRunner.runTest(SuiteRunner.java:359)
	at org.testng.SuiteRunner.runSequentially(SuiteRunner.java:354)
	at org.testng.SuiteRunner.privateRun(SuiteRunner.java:312)
	at org.testng.SuiteRunner.run(SuiteRunner.java:261)
	at org.testng.SuiteRunnerWorker.runSuite(SuiteRunnerWorker.java:52)
	at org.testng.SuiteRunnerWorker.run(SuiteRunnerWorker.java:86)
	at org.testng.TestNG.runSuitesSequentially(TestNG.java:1215)
	at org.testng.TestNG.runSuitesLocally(TestNG.java:1140)
	at org.testng.TestNG.run(TestNG.java:1048)
	at org.testng.IDEARemoteTestNG.run(IDEARemoteTestNG.java:72)
	at org.testng.RemoteTestNGStarter.main(RemoteTestNGStarter.java:127)
</div></td></tr></table><p class="totop"><a href="#summary">back to summary</a></p><h3 id="m3">Module.ScrutinyApproveprtic#ApplicationTest</h3><table class="result"><tr class="param"><th>Parameter #1</th><th>Parameter #2</th><th>Parameter #3</th><th>Parameter #4</th><th>Parameter #5</th></tr><tr class="param stripe"><td></td><td>CLICK</td><td>Approval</td><td></td><td>Proposal should be approval suceesfully.</td></tr><tr><th colspan="5">Exception</th></tr><tr><td colspan="5"><div class="stacktrace">org.openqa.selenium.NoSuchElementException: no such element: Unable to locate element: {&quot;method&quot;:&quot;xpath&quot;,&quot;selector&quot;:&quot;.//*[@id=&apos;btnAction&apos;]&quot;}
  (Session info: chrome=62.0.3202.62)
  (Driver info: chromedriver=2.33.506120 (e3e53437346286c0bc2d2dc9aa4915ba81d9023f),platform=Windows NT 6.1.7601 SP1 x86_64) (WARNING: The server did not provide any stacktrace information)
Command duration or timeout: 15.04 seconds
For documentation on this error, please visit: http://seleniumhq.org/exceptions/no_such_element.html
Build info: version: &apos;unknown&apos;, revision: &apos;5234b32&apos;, time: &apos;2017-03-10 09:00:17 -0800&apos;
System info: host: &apos;SEPL039&apos;, ip: &apos;192.168.1.194&apos;, os.name: &apos;Windows 7&apos;, os.arch: &apos;x86&apos;, os.version: &apos;6.1&apos;, java.version: &apos;1.8.0_144&apos;
Driver info: org.openqa.selenium.chrome.ChromeDriver
Capabilities [{applicationCacheEnabled=false, rotatable=false, mobileEmulationEnabled=false, networkConnectionEnabled=false, chrome={chromedriverVersion=2.33.506120 (e3e53437346286c0bc2d2dc9aa4915ba81d9023f), userDataDir=C:\Users\AKSHAY~1.POK\AppData\Local\Temp\scoped_dir10044_24825}, takesHeapSnapshot=true, pageLoadStrategy=normal, databaseEnabled=false, handlesAlerts=true, hasTouchScreen=false, version=62.0.3202.62, platform=XP, browserConnectionEnabled=false, nativeEvents=true, acceptSslCerts=true, locationContextEnabled=true, webStorageEnabled=true, browserName=chrome, takesScreenshot=true, javascriptEnabled=true, cssSelectorsEnabled=true, setWindowRect=true, unexpectedAlertBehaviour=}]
Session ID: e545d3dc52003451ddfecf81f729ddb4
*** Element info: {Using=xpath, value=.//*[@id=&apos;btnAction&apos;]}
	at sun.reflect.NativeConstructorAccessorImpl.newInstance0(Native Method)
	at sun.reflect.NativeConstructorAccessorImpl.newInstance(NativeConstructorAccessorImpl.java:62)
	at sun.reflect.DelegatingConstructorAccessorImpl.newInstance(DelegatingConstructorAccessorImpl.java:45)
	at java.lang.reflect.Constructor.newInstance(Constructor.java:423)
	at org.openqa.selenium.remote.ErrorHandler.createThrowable(ErrorHandler.java:216)
	at org.openqa.selenium.remote.ErrorHandler.throwIfResponseFailed(ErrorHandler.java:168)
	at org.openqa.selenium.remote.RemoteWebDriver.execute(RemoteWebDriver.java:638)
	at org.openqa.selenium.remote.RemoteWebDriver.findElement(RemoteWebDriver.java:371)
	at org.openqa.selenium.remote.RemoteWebDriver.findElementByXPath(RemoteWebDriver.java:476)
	at org.openqa.selenium.By$ByXPath.findElement(By.java:361)
	at org.openqa.selenium.remote.RemoteWebDriver.findElement(RemoteWebDriver.java:363)
	at org.openqa.selenium.support.pagefactory.DefaultElementLocator.findElement(DefaultElementLocator.java:69)
	at org.openqa.selenium.support.pagefactory.internal.LocatingElementHandler.invoke(LocatingElementHandler.java:38)
	at com.sun.proxy.$Proxy7.click(Unknown Source)
	at Pages.Applicantp.clickGeneateFn(Applicantp.java:226)
	at Module.ScrutinyApproveprtic.ApplicationTest(ScrutinyApproveprtic.java:832)
	at sun.reflect.GeneratedMethodAccessor4.invoke(Unknown Source)
	at sun.reflect.DelegatingMethodAccessorImpl.invoke(DelegatingMethodAccessorImpl.java:43)
	at java.lang.reflect.Method.invoke(Method.java:498)
	at org.testng.internal.MethodInvocationHelper.invokeMethod(MethodInvocationHelper.java:85)
	at org.testng.internal.Invoker.invokeMethod(Invoker.java:639)
	at org.testng.internal.Invoker.invokeTestMethod(Invoker.java:816)
	at org.testng.internal.Invoker.invokeTestMethods(Invoker.java:1124)
	at org.testng.internal.TestMethodWorker.invokeTestMethods(TestMethodWorker.java:125)
	at org.testng.internal.TestMethodWorker.run(TestMethodWorker.java:108)
	at org.testng.TestRunner.privateRun(TestRunner.java:774)
	at org.testng.TestRunner.run(TestRunner.java:624)
	at org.testng.SuiteRunner.runTest(SuiteRunner.java:359)
	at org.testng.SuiteRunner.runSequentially(SuiteRunner.java:354)
	at org.testng.SuiteRunner.privateRun(SuiteRunner.java:312)
	at org.testng.SuiteRunner.run(SuiteRunner.java:261)
	at org.testng.SuiteRunnerWorker.runSuite(SuiteRunnerWorker.java:52)
	at org.testng.SuiteRunnerWorker.run(SuiteRunnerWorker.java:86)
	at org.testng.TestNG.runSuitesSequentially(TestNG.java:1215)
	at org.testng.TestNG.runSuitesLocally(TestNG.java:1140)
	at org.testng.TestNG.run(TestNG.java:1048)
	at org.testng.IDEARemoteTestNG.run(IDEARemoteTestNG.java:72)
	at org.testng.RemoteTestNGStarter.main(RemoteTestNGStarter.java:127)
</div></td></tr></table><p class="totop"><a href="#summary">back to summary</a></p><h3 id="m4">Module.ScrutinyApproveprtic#ApplicationTest</h3><table class="result"><tr class="param"><th>Parameter #1</th><th>Parameter #2</th><th>Parameter #3</th><th>Parameter #4</th><th>Parameter #5</th></tr><tr class="param stripe"><td></td><td>CLICK</td><td>Create Fess</td><td></td><td>Fees should be create successfully.</td></tr><tr><th colspan="5">Exception</th></tr><tr><td colspan="5"><div class="stacktrace">org.openqa.selenium.NoSuchElementException: no such element: Unable to locate element: {&quot;method&quot;:&quot;xpath&quot;,&quot;selector&quot;:&quot;.//*[@id=&apos;aFeeCreate&apos;]&quot;}
  (Session info: chrome=62.0.3202.62)
  (Driver info: chromedriver=2.33.506120 (e3e53437346286c0bc2d2dc9aa4915ba81d9023f),platform=Windows NT 6.1.7601 SP1 x86_64) (WARNING: The server did not provide any stacktrace information)
Command duration or timeout: 15.06 seconds
For documentation on this error, please visit: http://seleniumhq.org/exceptions/no_such_element.html
Build info: version: &apos;unknown&apos;, revision: &apos;5234b32&apos;, time: &apos;2017-03-10 09:00:17 -0800&apos;
System info: host: &apos;SEPL039&apos;, ip: &apos;192.168.1.194&apos;, os.name: &apos;Windows 7&apos;, os.arch: &apos;x86&apos;, os.version: &apos;6.1&apos;, java.version: &apos;1.8.0_144&apos;
Driver info: org.openqa.selenium.chrome.ChromeDriver
Capabilities [{applicationCacheEnabled=false, rotatable=false, mobileEmulationEnabled=false, networkConnectionEnabled=false, chrome={chromedriverVersion=2.33.506120 (e3e53437346286c0bc2d2dc9aa4915ba81d9023f), userDataDir=C:\Users\AKSHAY~1.POK\AppData\Local\Temp\scoped_dir10044_24825}, takesHeapSnapshot=true, pageLoadStrategy=normal, databaseEnabled=false, handlesAlerts=true, hasTouchScreen=false, version=62.0.3202.62, platform=XP, browserConnectionEnabled=false, nativeEvents=true, acceptSslCerts=true, locationContextEnabled=true, webStorageEnabled=true, browserName=chrome, takesScreenshot=true, javascriptEnabled=true, cssSelectorsEnabled=true, setWindowRect=true, unexpectedAlertBehaviour=}]
Session ID: e545d3dc52003451ddfecf81f729ddb4
*** Element info: {Using=xpath, value=.//*[@id=&apos;aFeeCreate&apos;]}
	at sun.reflect.NativeConstructorAccessorImpl.newInstance0(Native Method)
	at sun.reflect.NativeConstructorAccessorImpl.newInstance(NativeConstructorAccessorImpl.java:62)
	at sun.reflect.DelegatingConstructorAccessorImpl.newInstance(DelegatingConstructorAccessorImpl.java:45)
	at java.lang.reflect.Constructor.newInstance(Constructor.java:423)
	at org.openqa.selenium.remote.ErrorHandler.createThrowable(ErrorHandler.java:216)
	at org.openqa.selenium.remote.ErrorHandler.throwIfResponseFailed(ErrorHandler.java:168)
	at org.openqa.selenium.remote.RemoteWebDriver.execute(RemoteWebDriver.java:638)
	at org.openqa.selenium.remote.RemoteWebDriver.findElement(RemoteWebDriver.java:371)
	at org.openqa.selenium.remote.RemoteWebDriver.findElementByXPath(RemoteWebDriver.java:476)
	at org.openqa.selenium.By$ByXPath.findElement(By.java:361)
	at org.openqa.selenium.remote.RemoteWebDriver.findElement(RemoteWebDriver.java:363)
	at Module.ScrutinyApproveprtic.ApplicationTest(ScrutinyApproveprtic.java:864)
	at sun.reflect.GeneratedMethodAccessor4.invoke(Unknown Source)
	at sun.reflect.DelegatingMethodAccessorImpl.invoke(DelegatingMethodAccessorImpl.java:43)
	at java.lang.reflect.Method.invoke(Method.java:498)
	at org.testng.internal.MethodInvocationHelper.invokeMethod(MethodInvocationHelper.java:85)
	at org.testng.internal.Invoker.invokeMethod(Invoker.java:639)
	at org.testng.internal.Invoker.invokeTestMethod(Invoker.java:816)
	at org.testng.internal.Invoker.invokeTestMethods(Invoker.java:1124)
	at org.testng.internal.TestMethodWorker.invokeTestMethods(TestMethodWorker.java:125)
	at org.testng.internal.TestMethodWorker.run(TestMethodWorker.java:108)
	at org.testng.TestRunner.privateRun(TestRunner.java:774)
	at org.testng.TestRunner.run(TestRunner.java:624)
	at org.testng.SuiteRunner.runTest(SuiteRunner.java:359)
	at org.testng.SuiteRunner.runSequentially(SuiteRunner.java:354)
	at org.testng.SuiteRunner.privateRun(SuiteRunner.java:312)
	at org.testng.SuiteRunner.run(SuiteRunner.java:261)
	at org.testng.SuiteRunnerWorker.runSuite(SuiteRunnerWorker.java:52)
	at org.testng.SuiteRunnerWorker.run(SuiteRunnerWorker.java:86)
	at org.testng.TestNG.runSuitesSequentially(TestNG.java:1215)
	at org.testng.TestNG.runSuitesLocally(TestNG.java:1140)
	at org.testng.TestNG.run(TestNG.java:1048)
	at org.testng.IDEARemoteTestNG.run(IDEARemoteTestNG.java:72)
	at org.testng.RemoteTestNGStarter.main(RemoteTestNGStarter.java:127)
</div></td></tr></table><p class="totop"><a href="#summary">back to summary</a></p><h3 id="m5">Module.CCImprov#ApplicationTest</h3><table class="result"><tr class="param"><th>Parameter #1</th><th>Parameter #2</th><th>Parameter #3</th><th>Parameter #4</th><th>Parameter #5</th></tr><tr class="param stripe"><td></td><td>SETTEXT</td><td>Enter Keyword for search</td><td>0001</td><td>Search tab should be found </td></tr></table><p class="totop"><a href="#summary">back to summary</a></p><h3 id="m6">Module.CCImprov#ApplicationTest</h3><table class="result"><tr class="param"><th>Parameter #1</th><th>Parameter #2</th><th>Parameter #3</th><th>Parameter #4</th><th>Parameter #5</th></tr><tr class="param stripe"><td></td><td>SELECT</td><td>Building Use</td><td>Residential</td><td>Building Use should be found.</td></tr></table><p class="totop"><a href="#summary">back to summary</a></p><h3 id="m7">Module.CCImprov#ApplicationTest</h3><table class="result"><tr class="param"><th>Parameter #1</th><th>Parameter #2</th><th>Parameter #3</th><th>Parameter #4</th><th>Parameter #5</th></tr><tr class="param stripe"><td></td><td>SETTEXT</td><td>Abutting Road Width</td><td>23.3</td><td>This Field accept only numric value.</td></tr></table><p class="totop"><a href="#summary">back to summary</a></p><h3 id="m8">Module.CCImprov#ApplicationTest</h3><table class="result"><tr class="param"><th>Parameter #1</th><th>Parameter #2</th><th>Parameter #3</th><th>Parameter #4</th><th>Parameter #5</th></tr><tr class="param stripe"><td></td><td>SETTEXT</td><td>Building Name</td><td>A1</td><td>Building name should be alphanumric.</td></tr></table><p class="totop"><a href="#summary">back to summary</a></p><h3 id="m9">Module.CCImprov#ApplicationTest</h3><table class="result"><tr class="param"><th>Parameter #1</th><th>Parameter #2</th><th>Parameter #3</th><th>Parameter #4</th><th>Parameter #5</th></tr><tr class="param stripe"><td></td><td>CLICK</td><td>Attach Drawing</td><td></td><td>Drawing should be  attach successfully.</td></tr></table><p class="totop"><a href="#summary">back to summary</a></p><h3 id="m10">Module.CCImprov#ApplicationTest</h3><table class="result"><tr class="param"><th>Parameter #1</th><th>Parameter #2</th><th>Parameter #3</th><th>Parameter #4</th><th>Parameter #5</th></tr><tr class="param stripe"><td></td><td>SETTEXT</td><td>Development Area</td><td>Gamtal</td><td>Development Area should be found.</td></tr></table><p class="totop"><a href="#summary">back to summary</a></p><h3 id="m11">Module.CCImprov#ApplicationTest</h3><table class="result"><tr class="param"><th>Parameter #1</th><th>Parameter #2</th><th>Parameter #3</th><th>Parameter #4</th><th>Parameter #5</th></tr><tr class="param stripe"><td></td><td>SETTEXT</td><td>Building driling point</td><td>3.0</td><td>Drilling point should be numric.</td></tr></table><p class="totop"><a href="#summary">back to summary</a></p><h3 id="m12">Module.CCImprov#ApplicationTest</h3><table class="result"><tr class="param"><th>Parameter #1</th><th>Parameter #2</th><th>Parameter #3</th><th>Parameter #4</th><th>Parameter #5</th></tr><tr class="param stripe"><td></td><td>FRAME</td><td>Main Frame</td><td>passed by script </td><td>Main frame should be found .</td></tr></table><p class="totop"><a href="#summary">back to summary</a></p><h3 id="m13">Module.CCImprov#ApplicationTest</h3><table class="result"><tr class="param"><th>Parameter #1</th><th>Parameter #2</th><th>Parameter #3</th><th>Parameter #4</th><th>Parameter #5</th></tr><tr class="param stripe"><td></td><td>CLICK</td><td>File Name</td><td>0001</td><td>Proposal Use should be available in dropdown.</td></tr></table><p class="totop"><a href="#summary">back to summary</a></p><h3 id="m14">Module.CCImprov#ApplicationTest</h3><table class="result"><tr class="param"><th>Parameter #1</th><th>Parameter #2</th><th>Parameter #3</th><th>Parameter #4</th><th>Parameter #5</th></tr><tr class="param stripe"><td></td><td>FRAME</td><td>Buildingframe</td><td>  </td><td>Building frame should be found .</td></tr></table><p class="totop"><a href="#summary">back to summary</a></p><h3 id="m15">Module.CCImprov#ApplicationTest</h3><table class="result"><tr class="param"><th>Parameter #1</th><th>Parameter #2</th><th>Parameter #3</th><th>Parameter #4</th><th>Parameter #5</th></tr><tr class="param stripe"><td></td><td>SETTEXT</td><td>Original Plot Area</td><td>100.0</td><td>This Field accept only numric value.</td></tr></table><p class="totop"><a href="#summary">back to summary</a></p><h3 id="m16">Module.CCImprov#ApplicationTest</h3><table class="result"><tr class="param"><th>Parameter #1</th><th>Parameter #2</th><th>Parameter #3</th><th>Parameter #4</th><th>Parameter #5</th></tr><tr class="param stripe"><td></td><td>CLICK</td><td>save</td><td></td><td>owner details  should be save successfully.</td></tr></table><p class="totop"><a href="#summary">back to summary</a></p><h3 id="m17">Module.CCImprov#ApplicationTest</h3><table class="result"><tr class="param"><th>Parameter #1</th><th>Parameter #2</th><th>Parameter #3</th><th>Parameter #4</th><th>Parameter #5</th></tr><tr class="param stripe"><td></td><td>CLICK</td><td>Save Plot Details</td><td></td><td>Plot details  should be save successfully.</td></tr></table><p class="totop"><a href="#summary">back to summary</a></p><h3 id="m18">Module.CCImprov#ApplicationTest</h3><table class="result"><tr class="param"><th>Parameter #1</th><th>Parameter #2</th><th>Parameter #3</th><th>Parameter #4</th><th>Parameter #5</th></tr><tr class="param stripe"><td></td><td>SETTEXT</td><td>Proposed Road Width</td><td>45.2</td><td>This Field accept only numric value.</td></tr></table><p class="totop"><a href="#summary">back to summary</a></p><h3 id="m19">Module.CCImprov#ApplicationTest</h3><table class="result"><tr class="param"><th>Parameter #1</th><th>Parameter #2</th><th>Parameter #3</th><th>Parameter #4</th><th>Parameter #5</th></tr><tr class="param stripe"><td></td><td>SELECT</td><td>Case Type</td><td>New</td><td>Case Type should available.</td></tr></table><p class="totop"><a href="#summary">back to summary</a></p><h3 id="m20">Module.CCImprov#ApplicationTest</h3><table class="result"><tr class="param"><th>Parameter #1</th><th>Parameter #2</th><th>Parameter #3</th><th>Parameter #4</th><th>Parameter #5</th></tr><tr class="param stripe"><td></td><td>SELECT</td><td>Project Type</td><td>Building Permission</td><td>Project Type should available.</td></tr></table><p class="totop"><a href="#summary">back to summary</a></p><h3 id="m21">Module.CCImprov#ApplicationTest</h3><table class="result"><tr class="param"><th>Parameter #1</th><th>Parameter #2</th><th>Parameter #3</th><th>Parameter #4</th><th>Parameter #5</th></tr><tr class="param stripe"><td></td><td>FRAME</td><td>Plotframe</td><td></td><td>Plot frame should be found .</td></tr></table><p class="totop"><a href="#summary">back to summary</a></p><h3 id="m22">Module.CCImprov#ApplicationTest</h3><table class="result"><tr class="param"><th>Parameter #1</th><th>Parameter #2</th><th>Parameter #3</th><th>Parameter #4</th><th>Parameter #5</th></tr><tr class="param stripe"><td></td><td>SETTEXT</td><td>Land Sub Use</td><td>R1 Zone</td><td>Land Sub Use  should be found.</td></tr></table><p class="totop"><a href="#summary">back to summary</a></p><h3 id="m23">Module.CCImprov#ApplicationTest</h3><table class="result"><tr class="param"><th>Parameter #1</th><th>Parameter #2</th><th>Parameter #3</th><th>Parameter #4</th><th>Parameter #5</th></tr><tr class="param stripe"><td></td><td>FRAME</td><td>Drawingframe</td><td></td><td>Drawing frame should be found .</td></tr></table><p class="totop"><a href="#summary">back to summary</a></p><h3 id="m24">Module.CCImprov#ApplicationTest</h3><table class="result"><tr class="param"><th>Parameter #1</th><th>Parameter #2</th><th>Parameter #3</th><th>Parameter #4</th><th>Parameter #5</th></tr><tr class="param stripe"><td></td><td>SETTEXT</td><td>Address</td><td>Plot 452 srinivas socity </td><td>Address should be alpha numric</td></tr></table><p class="totop"><a href="#summary">back to summary</a></p><h3 id="m25">Module.CCImprov#ApplicationTest</h3><table class="result"><tr class="param"><th>Parameter #1</th><th>Parameter #2</th><th>Parameter #3</th><th>Parameter #4</th><th>Parameter #5</th></tr><tr class="param stripe"><td></td><td>SETTEXT</td><td>Mobile No</td><td>8.983675455E9</td><td>Mobile no should be accept numric value.</td></tr></table><p class="totop"><a href="#summary">back to summary</a></p><h3 id="m26">Module.CCImprov#ApplicationTest</h3><table class="result"><tr class="param"><th>Parameter #1</th><th>Parameter #2</th><th>Parameter #3</th><th>Parameter #4</th><th>Parameter #5</th></tr><tr class="param stripe"><td></td><td>SELECT</td><td>Building Type</td><td>Row House</td><td>Building Type should be found.</td></tr></table><p class="totop"><a href="#summary">back to summary</a></p><h3 id="m27">Module.CCImprov#ApplicationTest</h3><table class="result"><tr class="param"><th>Parameter #1</th><th>Parameter #2</th><th>Parameter #3</th><th>Parameter #4</th><th>Parameter #5</th></tr><tr class="param stripe"><td></td><td>LEFT_MENU</td><td>LeftMenu_SubTab</td><td>Draft Application</td><td>This tab should be found in the menu bar </td></tr></table><p class="totop"><a href="#summary">back to summary</a></p><h3 id="m28">Module.CCImprov#ApplicationTest</h3><table class="result"><tr class="param"><th>Parameter #1</th><th>Parameter #2</th><th>Parameter #3</th><th>Parameter #4</th><th>Parameter #5</th></tr><tr class="param stripe"><td></td><td>LEFT_MENU</td><td>LeftMenu_SubTab</td><td>Draft Application</td><td>This tab should be found in the menu bar </td></tr></table><p class="totop"><a href="#summary">back to summary</a></p><h3 id="m29">Module.CCImprov#ApplicationTest</h3><table class="result"><tr class="param"><th>Parameter #1</th><th>Parameter #2</th><th>Parameter #3</th><th>Parameter #4</th><th>Parameter #5</th></tr><tr class="param stripe"><td></td><td>SELECT</td><td>Ward</td><td>Ward1</td><td>Ward Type should available.</td></tr></table><p class="totop"><a href="#summary">back to summary</a></p><h3 id="m30">Module.CCImprov#ApplicationTest</h3><table class="result"><tr class="param"><th>Parameter #1</th><th>Parameter #2</th><th>Parameter #3</th><th>Parameter #4</th><th>Parameter #5</th></tr><tr class="param stripe"><td></td><td>SELECT</td><td>Location</td><td>Draft/Preliminary TP Scheme</td><td>Location should available.</td></tr></table><p class="totop"><a href="#summary">back to summary</a></p><h3 id="m31">Module.CCImprov#ApplicationTest</h3><table class="result"><tr class="param"><th>Parameter #1</th><th>Parameter #2</th><th>Parameter #3</th><th>Parameter #4</th><th>Parameter #5</th></tr><tr class="param stripe"><td></td><td>SELECT</td><td>Project Group Type</td><td>General Building Permission</td><td>Project Group Type should available.</td></tr></table><p class="totop"><a href="#summary">back to summary</a></p><h3 id="m32">Module.CCImprov#ApplicationTest</h3><table class="result"><tr class="param"><th>Parameter #1</th><th>Parameter #2</th><th>Parameter #3</th><th>Parameter #4</th><th>Parameter #5</th></tr><tr class="param stripe"><td></td><td>CLICK</td><td>Submit proposal</td><td></td><td>Proposal should be submit sucessfully.</td></tr></table><p class="totop"><a href="#summary">back to summary</a></p><h3 id="m33">Module.CCImprov#ApplicationTest</h3><table class="result"><tr class="param"><th>Parameter #1</th><th>Parameter #2</th><th>Parameter #3</th><th>Parameter #4</th><th>Parameter #5</th></tr><tr class="param stripe"><td></td><td>SETTEXT</td><td>State</td><td>MH</td><td>State should be alpha numric</td></tr></table><p class="totop"><a href="#summary">back to summary</a></p><h3 id="m34">Module.CCImprov#ApplicationTest</h3><table class="result"><tr class="param"><th>Parameter #1</th><th>Parameter #2</th><th>Parameter #3</th><th>Parameter #4</th><th>Parameter #5</th></tr><tr class="param stripe"><td></td><td>BROWSER CLOSED</td><td>Closed</td><td>  </td><td>Browser Closed.</td></tr></table><p class="totop"><a href="#summary">back to summary</a></p><h3 id="m35">Module.CCImprov#ApplicationTest</h3><table class="result"><tr class="param"><th>Parameter #1</th><th>Parameter #2</th><th>Parameter #3</th><th>Parameter #4</th><th>Parameter #5</th></tr><tr class="param stripe"><td>null</td><td>null</td><td>null</td><td>null</td><td>null</td></tr></table><p class="totop"><a href="#summary">back to summary</a></p><h3 id="m36">Module.CCImprov#ApplicationTest</h3><table class="result"><tr class="param"><th>Parameter #1</th><th>Parameter #2</th><th>Parameter #3</th><th>Parameter #4</th><th>Parameter #5</th></tr><tr class="param stripe"><td></td><td>LEFT_MENU</td><td>LeftMenuTab</td><td>Commencement Certificate</td><td>This tab should be found in the menu bar </td></tr></table><p class="totop"><a href="#summary">back to summary</a></p><h3 id="m37">Module.CCImprov#ApplicationTest</h3><table class="result"><tr class="param"><th>Parameter #1</th><th>Parameter #2</th><th>Parameter #3</th><th>Parameter #4</th><th>Parameter #5</th></tr><tr class="param stripe"><td></td><td>SETTEXT</td><td>Plot Sub Use</td><td>Bungalow/Detached Dwelling Unit</td><td>Plot Sub Use should be found.</td></tr></table><p class="totop"><a href="#summary">back to summary</a></p><h3 id="m38">Module.CCImprov#ApplicationTest</h3><table class="result"><tr class="param"><th>Parameter #1</th><th>Parameter #2</th><th>Parameter #3</th><th>Parameter #4</th><th>Parameter #5</th></tr><tr class="param stripe"><td></td><td>SETTEXT</td><td>Building Height</td><td>16.3</td><td>Height should be numric.</td></tr></table><p class="totop"><a href="#summary">back to summary</a></p><h3 id="m39">Module.CCImprov#ApplicationTest</h3><table class="result"><tr class="param"><th>Parameter #1</th><th>Parameter #2</th><th>Parameter #3</th><th>Parameter #4</th><th>Parameter #5</th></tr><tr class="param stripe"><td></td><td>CLICK</td><td>Attch medatory doc</td><td>Mandatory Documents</td><td>Mandatory Documents should be  attach successfully.</td></tr></table><p class="totop"><a href="#summary">back to summary</a></p><h3 id="m40">Module.CCImprov#ApplicationTest</h3><table class="result"><tr class="param"><th>Parameter #1</th><th>Parameter #2</th><th>Parameter #3</th><th>Parameter #4</th><th>Parameter #5</th></tr><tr class="param stripe"><td></td><td>CLICK</td><td>Click on Submit Building</td><td></td><td>Building details  should be save successfully.</td></tr></table><p class="totop"><a href="#summary">back to summary</a></p><h3 id="m41">Module.CCImprov#ApplicationTest</h3><table class="result"><tr class="param"><th>Parameter #1</th><th>Parameter #2</th><th>Parameter #3</th><th>Parameter #4</th><th>Parameter #5</th></tr><tr class="param stripe"><td></td><td>SETTEXT</td><td>Owner name</td><td>Rupesh Damodar</td><td>Owner name should be alphnumric</td></tr></table><p class="totop"><a href="#summary">back to summary</a></p><h3 id="m42">Module.CCImprov#ApplicationTest</h3><table class="result"><tr class="param"><th>Parameter #1</th><th>Parameter #2</th><th>Parameter #3</th><th>Parameter #4</th><th>Parameter #5</th></tr><tr class="param stripe"><td></td><td>CLICK</td><td>Click On proposal</td><td>Null</td><td>Proposal button should be found.</td></tr></table><p class="totop"><a href="#summary">back to summary</a></p><h3 id="m43">Module.CCImprov#ApplicationTest</h3><table class="result"><tr class="param"><th>Parameter #1</th><th>Parameter #2</th><th>Parameter #3</th><th>Parameter #4</th><th>Parameter #5</th></tr><tr class="param stripe"><td></td><td>BROWSER CLOSED</td><td>Closed</td><td>  </td><td>Browser Closed.</td></tr></table><p class="totop"><a href="#summary">back to summary</a></p><h3 id="m44">Module.CCImprov#ApplicationTest</h3><table class="result"><tr class="param"><th>Parameter #1</th><th>Parameter #2</th><th>Parameter #3</th><th>Parameter #4</th><th>Parameter #5</th></tr><tr class="param stripe"><td>TC 2
(Proposal submission)</td><td></td><td></td><td></td><td></td></tr></table><p class="totop"><a href="#summary">back to summary</a></p><h3 id="m45">Module.CCImprov#ApplicationTest</h3><table class="result"><tr class="param"><th>Parameter #1</th><th>Parameter #2</th><th>Parameter #3</th><th>Parameter #4</th><th>Parameter #5</th></tr><tr class="param stripe"><td></td><td>SETTEXT</td><td>Land Use Zone</td><td>Residential </td><td>Land Use Zone  should be found.</td></tr></table><p class="totop"><a href="#summary">back to summary</a></p><h3 id="m46">Module.CCImprov#ApplicationTest</h3><table class="result"><tr class="param"><th>Parameter #1</th><th>Parameter #2</th><th>Parameter #3</th><th>Parameter #4</th><th>Parameter #5</th></tr><tr class="param stripe"><td></td><td>SETTEXT</td><td>Building Floor</td><td>9.0</td><td>Floor should be numric.</td></tr></table><p class="totop"><a href="#summary">back to summary</a></p><h3 id="m47">Module.CCImprov#ApplicationTest</h3><table class="result"><tr class="param"><th>Parameter #1</th><th>Parameter #2</th><th>Parameter #3</th><th>Parameter #4</th><th>Parameter #5</th></tr><tr class="param stripe"><td></td><td>FRAME</td><td>Main Frame</td><td>passed by script </td><td>Main frame should be found .</td></tr></table><p class="totop"><a href="#summary">back to summary</a></p><h3 id="m48">Module.CCImprov#ApplicationTest</h3><table class="result"><tr class="param"><th>Parameter #1</th><th>Parameter #2</th><th>Parameter #3</th><th>Parameter #4</th><th>Parameter #5</th></tr><tr class="param stripe"><td></td><td>SETTEXT</td><td>Email ID</td><td>akshay85pokley@gmail.com</td><td>Emaild id should be correct.</td></tr></table><p class="totop"><a href="#summary">back to summary</a></p><h3 id="m49">Module.CCImprov#ApplicationTest</h3><table class="result"><tr class="param"><th>Parameter #1</th><th>Parameter #2</th><th>Parameter #3</th><th>Parameter #4</th><th>Parameter #5</th></tr><tr class="param stripe"><td></td><td>FRAME</td><td>Documentframe</td><td>  </td><td>Documet frame should be found .</td></tr></table><p class="totop"><a href="#summary">back to summary</a></p><h3 id="m50">Module.CCImprov#ApplicationTest</h3><table class="result"><tr class="param"><th>Parameter #1</th><th>Parameter #2</th><th>Parameter #3</th><th>Parameter #4</th><th>Parameter #5</th></tr><tr class="param stripe"><td></td><td>SELECT</td><td>Building Subuse</td><td>Bungalow/Detached Dwelling Unit</td><td>Building Subuse should be found.</td></tr></table><p class="totop"><a href="#summary">back to summary</a></p><h3 id="m51">Module.CCImprov#ApplicationTest</h3><table class="result"><tr class="param"><th>Parameter #1</th><th>Parameter #2</th><th>Parameter #3</th><th>Parameter #4</th><th>Parameter #5</th></tr><tr class="param stripe"><td></td><td>FRAME</td><td>Main Frame</td><td>passed by script </td><td>Main frame should be found .</td></tr></table><p class="totop"><a href="#summary">back to summary</a></p><h3 id="m52">Module.CCImprov#ApplicationTest</h3><table class="result"><tr class="param"><th>Parameter #1</th><th>Parameter #2</th><th>Parameter #3</th><th>Parameter #4</th><th>Parameter #5</th></tr><tr class="param stripe"><td>TC 1
(Proposal Creation)</td><td></td><td></td><td></td><td></td></tr></table><p class="totop"><a href="#summary">back to summary</a></p><h3 id="m53">Module.CCImprov#ApplicationTest</h3><table class="result"><tr class="param"><th>Parameter #1</th><th>Parameter #2</th><th>Parameter #3</th><th>Parameter #4</th><th>Parameter #5</th></tr><tr class="param stripe"><td></td><td>CLICK</td><td>File Name</td><td>0001</td><td>Proposal Use should be available in dropdown.</td></tr></table><p class="totop"><a href="#summary">back to summary</a></p><h3 id="m54">Module.CCImprov#ApplicationTest</h3><table class="result"><tr class="param"><th>Parameter #1</th><th>Parameter #2</th><th>Parameter #3</th><th>Parameter #4</th><th>Parameter #5</th></tr><tr class="param stripe"><td></td><td>LOGIN</td><td>Architect</td><td></td><td>Architect should be able to login.</td></tr></table><p class="totop"><a href="#summary">back to summary</a></p><h3 id="m55">Module.CCImprov#ApplicationTest</h3><table class="result"><tr class="param"><th>Parameter #1</th><th>Parameter #2</th><th>Parameter #3</th><th>Parameter #4</th><th>Parameter #5</th></tr><tr class="param stripe"><td></td><td>LOGIN</td><td>Architect</td><td></td><td>Architect should be able to login.</td></tr></table><p class="totop"><a href="#summary">back to summary</a></p><h3 id="m56">Module.CCImprov#ApplicationTest</h3><table class="result"><tr class="param"><th>Parameter #1</th><th>Parameter #2</th><th>Parameter #3</th><th>Parameter #4</th><th>Parameter #5</th></tr><tr class="param stripe"><td></td><td>SETTEXT</td><td>City</td><td>Pune</td><td>City should be alpha numric</td></tr></table><p class="totop"><a href="#summary">back to summary</a></p><h3 id="m57">Module.CCImprov#ApplicationTest</h3><table class="result"><tr class="param"><th>Parameter #1</th><th>Parameter #2</th><th>Parameter #3</th><th>Parameter #4</th><th>Parameter #5</th></tr><tr class="param stripe"><td></td><td>SELECT</td><td>Special Project</td><td>NA</td><td>Special Project Type should available.</td></tr></table><p class="totop"><a href="#summary">back to summary</a></p><h3 id="m58">Module.CCImprov#ApplicationTest</h3><table class="result"><tr class="param"><th>Parameter #1</th><th>Parameter #2</th><th>Parameter #3</th><th>Parameter #4</th><th>Parameter #5</th></tr><tr class="param stripe"><td></td><td>SETTEXT</td><td>Plot Use</td><td>Residential</td><td>Plot Use should be found.</td></tr></table><p class="totop"><a href="#summary">back to summary</a></p><h3 id="m59">Module.CCImprov#ApplicationTest</h3><table class="result"><tr class="param"><th>Parameter #1</th><th>Parameter #2</th><th>Parameter #3</th><th>Parameter #4</th><th>Parameter #5</th></tr><tr class="param stripe"><td></td><td>LEFT_MENU</td><td>LeftMenuTab</td><td>Commencement Certificate</td><td>This tab should be found in the menu bar </td></tr></table><p class="totop"><a href="#summary">back to summary</a></p><h3 id="m60">Module.CCImprov#ApplicationTest</h3><table class="result"><tr class="param"><th>Parameter #1</th><th>Parameter #2</th><th>Parameter #3</th><th>Parameter #4</th><th>Parameter #5</th></tr><tr class="param stripe"><td></td><td>SETTEXT</td><td>Enter Keyword for search</td><td>0001</td><td>Search tab should be found </td></tr></table><p class="totop"><a href="#summary">back to summary</a></p><h3 id="m61">Module.CCImprov#ApplicationTest</h3><table class="result"><tr class="param"><th>Parameter #1</th><th>Parameter #2</th><th>Parameter #3</th><th>Parameter #4</th><th>Parameter #5</th></tr><tr class="param stripe"><td></td><td>SETTEXT</td><td>Final Plot Area</td><td>200.0</td><td>This Field accept only numric value.</td></tr></table><p class="totop"><a href="#summary">back to summary</a></p><h3 id="m62">Module.ScrutinyApproveprtic#ApplicationTest</h3><table class="result"><tr class="param"><th>Parameter #1</th><th>Parameter #2</th><th>Parameter #3</th><th>Parameter #4</th><th>Parameter #5</th></tr><tr class="param stripe"><td></td><td>SETTEXT</td><td>Enter Keyword for search</td><td>0001</td><td>Seach tab should be found .</td></tr></table><p class="totop"><a href="#summary">back to summary</a></p><h3 id="m63">Module.ScrutinyApproveprtic#ApplicationTest</h3><table class="result"><tr class="param"><th>Parameter #1</th><th>Parameter #2</th><th>Parameter #3</th><th>Parameter #4</th><th>Parameter #5</th></tr><tr class="param stripe"><td></td><td>LEFT_MENU</td><td>LeftMenuTab</td><td>Commencement Certificate</td><td>This tab should be found in the menu bar </td></tr></table><p class="totop"><a href="#summary">back to summary</a></p><h3 id="m64">Module.ScrutinyApproveprtic#ApplicationTest</h3><table class="result"><tr class="param"><th>Parameter #1</th><th>Parameter #2</th><th>Parameter #3</th><th>Parameter #4</th><th>Parameter #5</th></tr><tr class="param stripe"><td></td><td>FRAME</td><td>Feesframe</td><td></td><td>Fees frame should be found .</td></tr></table><p class="totop"><a href="#summary">back to summary</a></p><h3 id="m65">Module.ScrutinyApproveprtic#ApplicationTest</h3><table class="result"><tr class="param"><th>Parameter #1</th><th>Parameter #2</th><th>Parameter #3</th><th>Parameter #4</th><th>Parameter #5</th></tr><tr class="param stripe"><td>TC 2
(Save sitevisit details)</td><td></td><td></td><td></td><td></td></tr></table><p class="totop"><a href="#summary">back to summary</a></p><h3 id="m66">Module.ScrutinyApproveprtic#ApplicationTest</h3><table class="result"><tr class="param"><th>Parameter #1</th><th>Parameter #2</th><th>Parameter #3</th><th>Parameter #4</th><th>Parameter #5</th></tr><tr class="param stripe"><td>TC 1
(Document Verification and plan site visit )</td><td></td><td></td><td></td><td></td></tr></table><p class="totop"><a href="#summary">back to summary</a></p><h3 id="m67">Module.ScrutinyApproveprtic#ApplicationTest</h3><table class="result"><tr class="param"><th>Parameter #1</th><th>Parameter #2</th><th>Parameter #3</th><th>Parameter #4</th><th>Parameter #5</th></tr><tr class="param stripe"><td></td><td>FRAME</td><td>Documentframe</td><td>  </td><td>Document frame should be found .</td></tr></table><p class="totop"><a href="#summary">back to summary</a></p><h3 id="m68">Module.ScrutinyApproveprtic#ApplicationTest</h3><table class="result"><tr class="param"><th>Parameter #1</th><th>Parameter #2</th><th>Parameter #3</th><th>Parameter #4</th><th>Parameter #5</th></tr><tr class="param stripe"><td></td><td>LEFT_MENU</td><td>LeftMenu_SubTab</td><td>Received</td><td>This tab should be found in the menu bar </td></tr></table><p class="totop"><a href="#summary">back to summary</a></p><h3 id="m69">Module.ScrutinyApproveprtic#ApplicationTest</h3><table class="result"><tr class="param"><th>Parameter #1</th><th>Parameter #2</th><th>Parameter #3</th><th>Parameter #4</th><th>Parameter #5</th></tr><tr class="param stripe"><td></td><td>CLICK</td><td>File Name</td><td>0001</td><td>Proposal Use should be available in dropdown.</td></tr></table><p class="totop"><a href="#summary">back to summary</a></p><h3 id="m70">Module.ScrutinyApproveprtic#ApplicationTest</h3><table class="result"><tr class="param"><th>Parameter #1</th><th>Parameter #2</th><th>Parameter #3</th><th>Parameter #4</th><th>Parameter #5</th></tr><tr class="param stripe"><td></td><td>CLICK</td><td>Document Submission</td><td></td><td>Document status save successfully.</td></tr></table><p class="totop"><a href="#summary">back to summary</a></p><h3 id="m71">Module.ScrutinyApproveprtic#ApplicationTest</h3><table class="result"><tr class="param"><th>Parameter #1</th><th>Parameter #2</th><th>Parameter #3</th><th>Parameter #4</th><th>Parameter #5</th></tr><tr class="param stripe"><td></td><td>FRAME</td><td>Main Frame</td><td>passed by script </td><td>Main frame should be found .</td></tr></table><p class="totop"><a href="#summary">back to summary</a></p><h3 id="m72">Module.ScrutinyApproveprtic#ApplicationTest</h3><table class="result"><tr class="param"><th>Parameter #1</th><th>Parameter #2</th><th>Parameter #3</th><th>Parameter #4</th><th>Parameter #5</th></tr><tr class="param stripe"><td></td><td>BROWSER CLOSED</td><td>Closed</td><td>  </td><td>Browser Closed.</td></tr></table><p class="totop"><a href="#summary">back to summary</a></p><h3 id="m73">Module.ScrutinyApproveprtic#ApplicationTest</h3><table class="result"><tr class="param"><th>Parameter #1</th><th>Parameter #2</th><th>Parameter #3</th><th>Parameter #4</th><th>Parameter #5</th></tr><tr class="param stripe"><td></td><td>LOGIN</td><td>Scrutiny</td><td></td><td>Architect should be able to login.</td></tr></table><p class="totop"><a href="#summary">back to summary</a></p><h3 id="m74">Module.ScrutinyApproveprtic#ApplicationTest</h3><table class="result"><tr class="param"><th>Parameter #1</th><th>Parameter #2</th><th>Parameter #3</th><th>Parameter #4</th><th>Parameter #5</th></tr><tr class="param stripe"><td></td><td>FRAME</td><td>Drawingframe</td><td></td><td>Drawing frame should be found .</td></tr></table><p class="totop"><a href="#summary">back to summary</a></p><h3 id="m75">Module.ScrutinyApproveprtic#ApplicationTest</h3><table class="result"><tr class="param"><th>Parameter #1</th><th>Parameter #2</th><th>Parameter #3</th><th>Parameter #4</th><th>Parameter #5</th></tr><tr class="param stripe"><td></td><td>CLICK</td><td>Plan sitevist</td><td></td><td>Plan visit successfully.</td></tr></table><p class="totop"><a href="#summary">back to summary</a></p><h3 id="m76">Module.ScrutinyApproveprtic#ApplicationTest</h3><table class="result"><tr class="param"><th>Parameter #1</th><th>Parameter #2</th><th>Parameter #3</th><th>Parameter #4</th><th>Parameter #5</th></tr><tr class="param stripe"><td></td><td>CLICK</td><td>Document Recomendation Submission</td><td>Approved</td><td>Document Recomendation save successfully.</td></tr></table><p class="totop"><a href="#summary">back to summary</a></p><h3 id="m77">Module.ScrutinyApproveprtic#ApplicationTest</h3><table class="result"><tr class="param"><th>Parameter #1</th><th>Parameter #2</th><th>Parameter #3</th><th>Parameter #4</th><th>Parameter #5</th></tr><tr class="param stripe"><td></td><td>CLICK</td><td>Submit Sitvisit</td><td>Scrutiny Pass With Printing Fail</td><td>Site visit should be Submit successfully </td></tr></table><p class="totop"><a href="#summary">back to summary</a></p><h3 id="m78">Module.ScrutinyApproveprtic#ApplicationTest</h3><table class="result"><tr class="param"><th>Parameter #1</th><th>Parameter #2</th><th>Parameter #3</th><th>Parameter #4</th><th>Parameter #5</th></tr><tr class="param stripe"><td></td><td>SETTEXT</td><td>Enter Keyword for search</td><td>0001</td><td>Seach tab should be found .</td></tr></table><p class="totop"><a href="#summary">back to summary</a></p><h3 id="m79">Module.ScrutinyApproveprtic#ApplicationTest</h3><table class="result"><tr class="param"><th>Parameter #1</th><th>Parameter #2</th><th>Parameter #3</th><th>Parameter #4</th><th>Parameter #5</th></tr><tr class="param stripe"><td></td><td>LEFT_MENU</td><td>LeftMenu_SubTab</td><td>Received</td><td>This tab should be found in the menu bar </td></tr></table><p class="totop"><a href="#summary">back to summary</a></p><h3 id="m80">Module.ScrutinyApproveprtic#ApplicationTest</h3><table class="result"><tr class="param"><th>Parameter #1</th><th>Parameter #2</th><th>Parameter #3</th><th>Parameter #4</th><th>Parameter #5</th></tr><tr class="param stripe"><td></td><td>LOGIN</td><td>Scrutiny</td><td></td><td>Architect should be able to login.</td></tr></table><p class="totop"><a href="#summary">back to summary</a></p><h3 id="m81">Module.ScrutinyApproveprtic#ApplicationTest</h3><table class="result"><tr class="param"><th>Parameter #1</th><th>Parameter #2</th><th>Parameter #3</th><th>Parameter #4</th><th>Parameter #5</th></tr><tr class="param stripe"><td></td><td>LOGIN</td><td>Scrutiny</td><td></td><td>Architect should be able to login.</td></tr></table><p class="totop"><a href="#summary">back to summary</a></p><h3 id="m82">Module.ScrutinyApproveprtic#ApplicationTest</h3><table class="result"><tr class="param"><th>Parameter #1</th><th>Parameter #2</th><th>Parameter #3</th><th>Parameter #4</th><th>Parameter #5</th></tr><tr class="param stripe"><td>TC 4
(File Approval)</td><td></td><td></td><td></td><td></td></tr></table><p class="totop"><a href="#summary">back to summary</a></p><h3 id="m83">Module.ScrutinyApproveprtic#ApplicationTest</h3><table class="result"><tr class="param"><th>Parameter #1</th><th>Parameter #2</th><th>Parameter #3</th><th>Parameter #4</th><th>Parameter #5</th></tr><tr class="param stripe"><td></td><td>SETTEXT</td><td>Enter Keyword for search</td><td>0001</td><td>Seach tab should be found .</td></tr></table><p class="totop"><a href="#summary">back to summary</a></p><h3 id="m84">Module.ScrutinyApproveprtic#ApplicationTest</h3><table class="result"><tr class="param"><th>Parameter #1</th><th>Parameter #2</th><th>Parameter #3</th><th>Parameter #4</th><th>Parameter #5</th></tr><tr class="param stripe"><td></td><td>FRAME</td><td>Main Frame</td><td>passed by script </td><td>Main frame should be found .</td></tr></table><p class="totop"><a href="#summary">back to summary</a></p><h3 id="m85">Module.ScrutinyApproveprtic#ApplicationTest</h3><table class="result"><tr class="param"><th>Parameter #1</th><th>Parameter #2</th><th>Parameter #3</th><th>Parameter #4</th><th>Parameter #5</th></tr><tr class="param stripe"><td></td><td>LEFT_MENU</td><td>LeftMenuTab</td><td>Commencement Certificate</td><td>This tab should be found in the menu bar </td></tr></table><p class="totop"><a href="#summary">back to summary</a></p><h3 id="m86">Module.ScrutinyApproveprtic#ApplicationTest</h3><table class="result"><tr class="param"><th>Parameter #1</th><th>Parameter #2</th><th>Parameter #3</th><th>Parameter #4</th><th>Parameter #5</th></tr><tr class="param stripe"><td></td><td>FRAME</td><td>Drawingframe</td><td>  </td><td>Drawing frame should be found .</td></tr></table><p class="totop"><a href="#summary">back to summary</a></p><h3 id="m87">Module.ScrutinyApproveprtic#ApplicationTest</h3><table class="result"><tr class="param"><th>Parameter #1</th><th>Parameter #2</th><th>Parameter #3</th><th>Parameter #4</th><th>Parameter #5</th></tr><tr class="param stripe"><td></td><td>LEFT_MENU</td><td>LeftMenu_SubTab</td><td>Approved Files</td><td>This tab should be found in the menu bar </td></tr></table><p class="totop"><a href="#summary">back to summary</a></p><h3 id="m88">Module.ScrutinyApproveprtic#ApplicationTest</h3><table class="result"><tr class="param"><th>Parameter #1</th><th>Parameter #2</th><th>Parameter #3</th><th>Parameter #4</th><th>Parameter #5</th></tr><tr class="param stripe"><td></td><td>CLICK</td><td>File Name</td><td>0001</td><td>Proposal Use should be available in dropdown.</td></tr></table><p class="totop"><a href="#summary">back to summary</a></p><h3 id="m89">Module.ScrutinyApproveprtic#ApplicationTest</h3><table class="result"><tr class="param"><th>Parameter #1</th><th>Parameter #2</th><th>Parameter #3</th><th>Parameter #4</th><th>Parameter #5</th></tr><tr class="param stripe"><td></td><td>FRAME</td><td>Main Frame</td><td>passed by script </td><td>Main frame should be found .</td></tr></table><p class="totop"><a href="#summary">back to summary</a></p><h3 id="m90">Module.ScrutinyApproveprtic#ApplicationTest</h3><table class="result"><tr class="param"><th>Parameter #1</th><th>Parameter #2</th><th>Parameter #3</th><th>Parameter #4</th><th>Parameter #5</th></tr><tr class="param stripe"><td>TC 3
(Submit site visit and perfrom Scrutiny Proces)</td><td></td><td></td><td></td><td></td></tr></table><p class="totop"><a href="#summary">back to summary</a></p><h3 id="m91">Module.ScrutinyApproveprtic#ApplicationTest</h3><table class="result"><tr class="param"><th>Parameter #1</th><th>Parameter #2</th><th>Parameter #3</th><th>Parameter #4</th><th>Parameter #5</th></tr><tr class="param stripe"><td></td><td>LOGIN</td><td>Scrutiny</td><td></td><td>Architect should be able to login.</td></tr></table><p class="totop"><a href="#summary">back to summary</a></p><h3 id="m92">Module.ScrutinyApproveprtic#ApplicationTest</h3><table class="result"><tr class="param"><th>Parameter #1</th><th>Parameter #2</th><th>Parameter #3</th><th>Parameter #4</th><th>Parameter #5</th></tr><tr class="param stripe"><td></td><td>SETTEXT</td><td>Enter Keyword for search</td><td>0001</td><td>Seach tab should be found .</td></tr></table><p class="totop"><a href="#summary">back to summary</a></p><h3 id="m93">Module.ScrutinyApproveprtic#ApplicationTest</h3><table class="result"><tr class="param"><th>Parameter #1</th><th>Parameter #2</th><th>Parameter #3</th><th>Parameter #4</th><th>Parameter #5</th></tr><tr class="param stripe"><td></td><td>FRAME</td><td>Sitevisitframe</td><td>  </td><td>Sitevisit frame should be found .</td></tr></table><p class="totop"><a href="#summary">back to summary</a></p><h3 id="m94">Module.ScrutinyApproveprtic#ApplicationTest</h3><table class="result"><tr class="param"><th>Parameter #1</th><th>Parameter #2</th><th>Parameter #3</th><th>Parameter #4</th><th>Parameter #5</th></tr><tr class="param stripe"><td>TC 5
(issued CC letter)</td><td></td><td></td><td></td><td></td></tr></table><p class="totop"><a href="#summary">back to summary</a></p><h3 id="m95">Module.ScrutinyApproveprtic#ApplicationTest</h3><table class="result"><tr class="param"><th>Parameter #1</th><th>Parameter #2</th><th>Parameter #3</th><th>Parameter #4</th><th>Parameter #5</th></tr><tr class="param stripe"><td></td><td>FRAME</td><td>Main Frame</td><td>passed by script </td><td>Main frame should be found .</td></tr></table><p class="totop"><a href="#summary">back to summary</a></p><h3 id="m96">Module.ScrutinyApproveprtic#ApplicationTest</h3><table class="result"><tr class="param"><th>Parameter #1</th><th>Parameter #2</th><th>Parameter #3</th><th>Parameter #4</th><th>Parameter #5</th></tr><tr class="param stripe"><td></td><td>LEFT_MENU</td><td>LeftMenuTab</td><td>Commencement Certificate</td><td>This tab should be found in the menu bar </td></tr></table><p class="totop"><a href="#summary">back to summary</a></p><h3 id="m97">Module.ScrutinyApproveprtic#ApplicationTest</h3><table class="result"><tr class="param"><th>Parameter #1</th><th>Parameter #2</th><th>Parameter #3</th><th>Parameter #4</th><th>Parameter #5</th></tr><tr class="param stripe"><td></td><td>FRAME</td><td>Main Frame</td><td>passed by script </td><td>Main frame should be found .</td></tr></table><p class="totop"><a href="#summary">back to summary</a></p><h3 id="m98">Module.ScrutinyApproveprtic#ApplicationTest</h3><table class="result"><tr class="param"><th>Parameter #1</th><th>Parameter #2</th><th>Parameter #3</th><th>Parameter #4</th><th>Parameter #5</th></tr><tr class="param stripe"><td></td><td>CLICK</td><td>File Name</td><td>0001</td><td>Proposal Use should be available in dropdown.</td></tr></table><p class="totop"><a href="#summary">back to summary</a></p><h3 id="m99">Module.ScrutinyApproveprtic#ApplicationTest</h3><table class="result"><tr class="param"><th>Parameter #1</th><th>Parameter #2</th><th>Parameter #3</th><th>Parameter #4</th><th>Parameter #5</th></tr><tr class="param stripe"><td></td><td>CLICK</td><td>File Name</td><td>0001</td><td>Proposal Use should be available in dropdown.</td></tr></table><p class="totop"><a href="#summary">back to summary</a></p><h3 id="m100">Module.ScrutinyApproveprtic#ApplicationTest</h3><table class="result"><tr class="param"><th>Parameter #1</th><th>Parameter #2</th><th>Parameter #3</th><th>Parameter #4</th><th>Parameter #5</th></tr><tr class="param stripe"><td></td><td>CLICK</td><td>Genrate File No</td><td>Generate File No.</td><td>Perment file no should be genrate
successfully. </td></tr></table><p class="totop"><a href="#summary">back to summary</a></p><h3 id="m101">Module.ScrutinyApproveprtic#ApplicationTest</h3><table class="result"><tr class="param"><th>Parameter #1</th><th>Parameter #2</th><th>Parameter #3</th><th>Parameter #4</th><th>Parameter #5</th></tr><tr class="param stripe"><td></td><td>LEFT_MENU</td><td>LeftMenu_SubTab</td><td>Received</td><td>This tab should be found in the menu bar </td></tr></table><p class="totop"><a href="#summary">back to summary</a></p><h3 id="m102">Module.ScrutinyApproveprtic#ApplicationTest</h3><table class="result"><tr class="param"><th>Parameter #1</th><th>Parameter #2</th><th>Parameter #3</th><th>Parameter #4</th><th>Parameter #5</th></tr><tr class="param stripe"><td></td><td>CLICK</td><td>Scrutiny Process</td><td>Scrutiny Pass With Printing Fail</td><td>Scrutiny Process should be perfrom successfully.</td></tr></table><p class="totop"><a href="#summary">back to summary</a></p><h3 id="m103">Module.ScrutinyApproveprtic#ApplicationTest</h3><table class="result"><tr class="param"><th>Parameter #1</th><th>Parameter #2</th><th>Parameter #3</th><th>Parameter #4</th><th>Parameter #5</th></tr><tr class="param stripe"><td></td><td>CLICK</td><td>Verify medatory doc</td><td>Mandatory Documents</td><td> Mandatory Documents should be verify successfully. </td></tr></table><p class="totop"><a href="#summary">back to summary</a></p><h3 id="m104">Module.ScrutinyApproveprtic#ApplicationTest</h3><table class="result"><tr class="param"><th>Parameter #1</th><th>Parameter #2</th><th>Parameter #3</th><th>Parameter #4</th><th>Parameter #5</th></tr><tr class="param stripe"><td></td><td>CLICK</td><td>Save Scrutiny details</td><td>Scrutiny Pass With Printing Fail</td><td>Scrutiny details should be save successfully.</td></tr></table><p class="totop"><a href="#summary">back to summary</a></p><h3 id="m105">Module.ScrutinyApproveprtic#ApplicationTest</h3><table class="result"><tr class="param"><th>Parameter #1</th><th>Parameter #2</th><th>Parameter #3</th><th>Parameter #4</th><th>Parameter #5</th></tr><tr class="param stripe"><td></td><td>LEFT_MENU</td><td>LeftMenuTab</td><td>Commencement Certificate</td><td>This tab should be found in the menu bar </td></tr></table><p class="totop"><a href="#summary">back to summary</a></p><h3 id="m106">Module.ScrutinyApproveprtic#ApplicationTest</h3><table class="result"><tr class="param"><th>Parameter #1</th><th>Parameter #2</th><th>Parameter #3</th><th>Parameter #4</th><th>Parameter #5</th></tr><tr class="param stripe"><td></td><td>CLICK</td><td>File Name</td><td>0001</td><td>Proposal Use should be available in dropdown.</td></tr></table><p class="totop"><a href="#summary">back to summary</a></p><h3 id="m107">Module.ScrutinyApproveprtic#ApplicationTest</h3><table class="result"><tr class="param"><th>Parameter #1</th><th>Parameter #2</th><th>Parameter #3</th><th>Parameter #4</th><th>Parameter #5</th></tr><tr class="param stripe"><td>null</td><td>null</td><td>null</td><td>null</td><td>null</td></tr></table><p class="totop"><a href="#summary">back to summary</a></p><h3 id="m108">Module.ScrutinyApproveprtic#ApplicationTest</h3><table class="result"><tr class="param"><th>Parameter #1</th><th>Parameter #2</th><th>Parameter #3</th><th>Parameter #4</th><th>Parameter #5</th></tr><tr class="param stripe"><td></td><td>LOGIN</td><td>Scrutiny</td><td></td><td>Architect should be able to login.</td></tr></table><p class="totop"><a href="#summary">back to summary</a></p><h3 id="m109">Module.ScrutinyApproveprtic#ApplicationTest</h3><table class="result"><tr class="param"><th>Parameter #1</th><th>Parameter #2</th><th>Parameter #3</th><th>Parameter #4</th><th>Parameter #5</th></tr><tr class="param stripe"><td></td><td>SETTEXT</td><td>Enter Keyword for search</td><td>0001</td><td>Seach tab should be found .</td></tr></table><p class="totop"><a href="#summary">back to summary</a></p><h3 id="m110">Module.ScrutinyApproveprtic#ApplicationTest</h3><table class="result"><tr class="param"><th>Parameter #1</th><th>Parameter #2</th><th>Parameter #3</th><th>Parameter #4</th><th>Parameter #5</th></tr><tr class="param stripe"><td></td><td>LEFT_MENU</td><td>LeftMenu_SubTab</td><td>Received</td><td>This tab should be found in the menu bar </td></tr></table><p class="totop"><a href="#summary">back to summary</a></p><h3 id="m111">Module.ScrutinyApproveprtic#ApplicationTest</h3><table class="result"><tr class="param"><th>Parameter #1</th><th>Parameter #2</th><th>Parameter #3</th><th>Parameter #4</th><th>Parameter #5</th></tr><tr class="param stripe"><td></td><td>LEFT_MENU</td><td>LeftMenuTab</td><td>Commencement Certificate</td><td>This tab should be found in the menu bar </td></tr></table><p class="totop"><a href="#summary">back to summary</a></p></body></html>